{"/Users/berloonybaboony/Downloads/CS4218/cs4218-2520-ecom-project-cs4218-2520-team26/controllers/authController.js": {"path":"/Users/berloonybaboony/Downloads/CS4218/cs4218-2520-ecom-project-cs4218-2520-team26/controllers/authController.js","statementMap":{"0":{"start":{"line":7,"column":34},"end":{"line":63,"column":1}},"1":{"start":{"line":8,"column":2},"end":{"line":62,"column":3}},"2":{"start":{"line":9,"column":62},"end":{"line":9,"column":70}},"3":{"start":{"line":11,"column":4},"end":{"line":13,"column":5}},"4":{"start":{"line":12,"column":6},"end":{"line":12,"column":53}},"5":{"start":{"line":14,"column":4},"end":{"line":16,"column":5}},"6":{"start":{"line":15,"column":6},"end":{"line":15,"column":56}},"7":{"start":{"line":17,"column":4},"end":{"line":19,"column":5}},"8":{"start":{"line":18,"column":6},"end":{"line":18,"column":59}},"9":{"start":{"line":20,"column":4},"end":{"line":22,"column":5}},"10":{"start":{"line":21,"column":6},"end":{"line":21,"column":59}},"11":{"start":{"line":23,"column":4},"end":{"line":25,"column":5}},"12":{"start":{"line":24,"column":6},"end":{"line":24,"column":58}},"13":{"start":{"line":26,"column":4},"end":{"line":28,"column":5}},"14":{"start":{"line":27,"column":6},"end":{"line":27,"column":57}},"15":{"start":{"line":30,"column":26},"end":{"line":30,"column":60}},"16":{"start":{"line":32,"column":4},"end":{"line":37,"column":5}},"17":{"start":{"line":33,"column":6},"end":{"line":36,"column":9}},"18":{"start":{"line":39,"column":27},"end":{"line":39,"column":55}},"19":{"start":{"line":41,"column":17},"end":{"line":48,"column":13}},"20":{"start":{"line":50,"column":4},"end":{"line":54,"column":7}},"21":{"start":{"line":56,"column":4},"end":{"line":56,"column":23}},"22":{"start":{"line":57,"column":4},"end":{"line":61,"column":7}},"23":{"start":{"line":66,"column":31},"end":{"line":116,"column":1}},"24":{"start":{"line":67,"column":2},"end":{"line":115,"column":3}},"25":{"start":{"line":68,"column":32},"end":{"line":68,"column":40}},"26":{"start":{"line":70,"column":4},"end":{"line":75,"column":5}},"27":{"start":{"line":71,"column":6},"end":{"line":74,"column":9}},"28":{"start":{"line":77,"column":17},"end":{"line":77,"column":51}},"29":{"start":{"line":78,"column":4},"end":{"line":83,"column":5}},"30":{"start":{"line":79,"column":6},"end":{"line":82,"column":9}},"31":{"start":{"line":84,"column":18},"end":{"line":84,"column":64}},"32":{"start":{"line":85,"column":4},"end":{"line":90,"column":5}},"33":{"start":{"line":86,"column":6},"end":{"line":89,"column":9}},"34":{"start":{"line":92,"column":18},"end":{"line":94,"column":6}},"35":{"start":{"line":95,"column":4},"end":{"line":107,"column":7}},"36":{"start":{"line":109,"column":4},"end":{"line":109,"column":23}},"37":{"start":{"line":110,"column":4},"end":{"line":114,"column":7}},"38":{"start":{"line":120,"column":40},"end":{"line":155,"column":1}},"39":{"start":{"line":121,"column":2},"end":{"line":154,"column":3}},"40":{"start":{"line":122,"column":43},"end":{"line":122,"column":51}},"41":{"start":{"line":123,"column":4},"end":{"line":125,"column":5}},"42":{"start":{"line":124,"column":6},"end":{"line":124,"column":60}},"43":{"start":{"line":126,"column":4},"end":{"line":128,"column":5}},"44":{"start":{"line":127,"column":6},"end":{"line":127,"column":62}},"45":{"start":{"line":129,"column":4},"end":{"line":131,"column":5}},"46":{"start":{"line":130,"column":6},"end":{"line":130,"column":68}},"47":{"start":{"line":133,"column":17},"end":{"line":133,"column":59}},"48":{"start":{"line":135,"column":4},"end":{"line":140,"column":5}},"49":{"start":{"line":136,"column":6},"end":{"line":139,"column":9}},"50":{"start":{"line":141,"column":19},"end":{"line":141,"column":50}},"51":{"start":{"line":142,"column":4},"end":{"line":142,"column":70}},"52":{"start":{"line":143,"column":4},"end":{"line":146,"column":7}},"53":{"start":{"line":148,"column":4},"end":{"line":148,"column":23}},"54":{"start":{"line":149,"column":4},"end":{"line":153,"column":7}},"55":{"start":{"line":158,"column":30},"end":{"line":165,"column":1}},"56":{"start":{"line":159,"column":2},"end":{"line":164,"column":3}},"57":{"start":{"line":160,"column":4},"end":{"line":160,"column":33}},"58":{"start":{"line":162,"column":4},"end":{"line":162,"column":23}},"59":{"start":{"line":163,"column":4},"end":{"line":163,"column":24}},"60":{"start":{"line":168,"column":39},"end":{"line":200,"column":1}},"61":{"start":{"line":169,"column":2},"end":{"line":199,"column":3}},"62":{"start":{"line":170,"column":54},"end":{"line":170,"column":62}},"63":{"start":{"line":171,"column":17},"end":{"line":171,"column":55}},"64":{"start":{"line":173,"column":4},"end":{"line":175,"column":5}},"65":{"start":{"line":174,"column":6},"end":{"line":174,"column":91}},"66":{"start":{"line":176,"column":27},"end":{"line":176,"column":78}},"67":{"start":{"line":177,"column":24},"end":{"line":186,"column":5}},"68":{"start":{"line":187,"column":4},"end":{"line":191,"column":7}},"69":{"start":{"line":193,"column":4},"end":{"line":193,"column":23}},"70":{"start":{"line":194,"column":4},"end":{"line":198,"column":7}},"71":{"start":{"line":203,"column":35},"end":{"line":218,"column":1}},"72":{"start":{"line":204,"column":2},"end":{"line":217,"column":3}},"73":{"start":{"line":205,"column":19},"end":{"line":208,"column":32}},"74":{"start":{"line":209,"column":4},"end":{"line":209,"column":21}},"75":{"start":{"line":211,"column":4},"end":{"line":211,"column":23}},"76":{"start":{"line":212,"column":4},"end":{"line":216,"column":7}},"77":{"start":{"line":220,"column":38},"end":{"line":236,"column":1}},"78":{"start":{"line":221,"column":2},"end":{"line":235,"column":3}},"79":{"start":{"line":222,"column":19},"end":{"line":226,"column":32}},"80":{"start":{"line":227,"column":4},"end":{"line":227,"column":21}},"81":{"start":{"line":229,"column":4},"end":{"line":229,"column":23}},"82":{"start":{"line":230,"column":4},"end":{"line":234,"column":7}},"83":{"start":{"line":239,"column":37},"end":{"line":257,"column":1}},"84":{"start":{"line":240,"column":2},"end":{"line":256,"column":3}},"85":{"start":{"line":241,"column":24},"end":{"line":241,"column":34}},"86":{"start":{"line":242,"column":23},"end":{"line":242,"column":31}},"87":{"start":{"line":243,"column":19},"end":{"line":247,"column":5}},"88":{"start":{"line":248,"column":4},"end":{"line":248,"column":21}},"89":{"start":{"line":250,"column":4},"end":{"line":250,"column":23}},"90":{"start":{"line":251,"column":4},"end":{"line":255,"column":7}}},"fnMap":{"0":{"name":"(anonymous_0)","decl":{"start":{"line":7,"column":34},"end":{"line":7,"column":35}},"loc":{"start":{"line":7,"column":54},"end":{"line":63,"column":1}},"line":7},"1":{"name":"(anonymous_1)","decl":{"start":{"line":66,"column":31},"end":{"line":66,"column":32}},"loc":{"start":{"line":66,"column":51},"end":{"line":116,"column":1}},"line":66},"2":{"name":"(anonymous_2)","decl":{"start":{"line":120,"column":40},"end":{"line":120,"column":41}},"loc":{"start":{"line":120,"column":60},"end":{"line":155,"column":1}},"line":120},"3":{"name":"(anonymous_3)","decl":{"start":{"line":158,"column":30},"end":{"line":158,"column":31}},"loc":{"start":{"line":158,"column":44},"end":{"line":165,"column":1}},"line":158},"4":{"name":"(anonymous_4)","decl":{"start":{"line":168,"column":39},"end":{"line":168,"column":40}},"loc":{"start":{"line":168,"column":59},"end":{"line":200,"column":1}},"line":168},"5":{"name":"(anonymous_5)","decl":{"start":{"line":203,"column":35},"end":{"line":203,"column":36}},"loc":{"start":{"line":203,"column":55},"end":{"line":218,"column":1}},"line":203},"6":{"name":"(anonymous_6)","decl":{"start":{"line":220,"column":38},"end":{"line":220,"column":39}},"loc":{"start":{"line":220,"column":58},"end":{"line":236,"column":1}},"line":220},"7":{"name":"(anonymous_7)","decl":{"start":{"line":239,"column":37},"end":{"line":239,"column":38}},"loc":{"start":{"line":239,"column":57},"end":{"line":257,"column":1}},"line":239}},"branchMap":{"0":{"loc":{"start":{"line":11,"column":4},"end":{"line":13,"column":5}},"type":"if","locations":[{"start":{"line":11,"column":4},"end":{"line":13,"column":5}},{"start":{},"end":{}}],"line":11},"1":{"loc":{"start":{"line":14,"column":4},"end":{"line":16,"column":5}},"type":"if","locations":[{"start":{"line":14,"column":4},"end":{"line":16,"column":5}},{"start":{},"end":{}}],"line":14},"2":{"loc":{"start":{"line":17,"column":4},"end":{"line":19,"column":5}},"type":"if","locations":[{"start":{"line":17,"column":4},"end":{"line":19,"column":5}},{"start":{},"end":{}}],"line":17},"3":{"loc":{"start":{"line":20,"column":4},"end":{"line":22,"column":5}},"type":"if","locations":[{"start":{"line":20,"column":4},"end":{"line":22,"column":5}},{"start":{},"end":{}}],"line":20},"4":{"loc":{"start":{"line":23,"column":4},"end":{"line":25,"column":5}},"type":"if","locations":[{"start":{"line":23,"column":4},"end":{"line":25,"column":5}},{"start":{},"end":{}}],"line":23},"5":{"loc":{"start":{"line":26,"column":4},"end":{"line":28,"column":5}},"type":"if","locations":[{"start":{"line":26,"column":4},"end":{"line":28,"column":5}},{"start":{},"end":{}}],"line":26},"6":{"loc":{"start":{"line":32,"column":4},"end":{"line":37,"column":5}},"type":"if","locations":[{"start":{"line":32,"column":4},"end":{"line":37,"column":5}},{"start":{},"end":{}}],"line":32},"7":{"loc":{"start":{"line":70,"column":4},"end":{"line":75,"column":5}},"type":"if","locations":[{"start":{"line":70,"column":4},"end":{"line":75,"column":5}},{"start":{},"end":{}}],"line":70},"8":{"loc":{"start":{"line":70,"column":8},"end":{"line":70,"column":27}},"type":"binary-expr","locations":[{"start":{"line":70,"column":8},"end":{"line":70,"column":14}},{"start":{"line":70,"column":18},"end":{"line":70,"column":27}}],"line":70},"9":{"loc":{"start":{"line":78,"column":4},"end":{"line":83,"column":5}},"type":"if","locations":[{"start":{"line":78,"column":4},"end":{"line":83,"column":5}},{"start":{},"end":{}}],"line":78},"10":{"loc":{"start":{"line":85,"column":4},"end":{"line":90,"column":5}},"type":"if","locations":[{"start":{"line":85,"column":4},"end":{"line":90,"column":5}},{"start":{},"end":{}}],"line":85},"11":{"loc":{"start":{"line":123,"column":4},"end":{"line":125,"column":5}},"type":"if","locations":[{"start":{"line":123,"column":4},"end":{"line":125,"column":5}},{"start":{},"end":{}}],"line":123},"12":{"loc":{"start":{"line":126,"column":4},"end":{"line":128,"column":5}},"type":"if","locations":[{"start":{"line":126,"column":4},"end":{"line":128,"column":5}},{"start":{},"end":{}}],"line":126},"13":{"loc":{"start":{"line":129,"column":4},"end":{"line":131,"column":5}},"type":"if","locations":[{"start":{"line":129,"column":4},"end":{"line":131,"column":5}},{"start":{},"end":{}}],"line":129},"14":{"loc":{"start":{"line":135,"column":4},"end":{"line":140,"column":5}},"type":"if","locations":[{"start":{"line":135,"column":4},"end":{"line":140,"column":5}},{"start":{},"end":{}}],"line":135},"15":{"loc":{"start":{"line":173,"column":4},"end":{"line":175,"column":5}},"type":"if","locations":[{"start":{"line":173,"column":4},"end":{"line":175,"column":5}},{"start":{},"end":{}}],"line":173},"16":{"loc":{"start":{"line":173,"column":8},"end":{"line":173,"column":39}},"type":"binary-expr","locations":[{"start":{"line":173,"column":8},"end":{"line":173,"column":16}},{"start":{"line":173,"column":20},"end":{"line":173,"column":39}}],"line":173},"17":{"loc":{"start":{"line":176,"column":27},"end":{"line":176,"column":78}},"type":"cond-expr","locations":[{"start":{"line":176,"column":38},"end":{"line":176,"column":66}},{"start":{"line":176,"column":69},"end":{"line":176,"column":78}}],"line":176},"18":{"loc":{"start":{"line":180,"column":14},"end":{"line":180,"column":31}},"type":"binary-expr","locations":[{"start":{"line":180,"column":14},"end":{"line":180,"column":18}},{"start":{"line":180,"column":22},"end":{"line":180,"column":31}}],"line":180},"19":{"loc":{"start":{"line":181,"column":18},"end":{"line":181,"column":49}},"type":"binary-expr","locations":[{"start":{"line":181,"column":18},"end":{"line":181,"column":32}},{"start":{"line":181,"column":36},"end":{"line":181,"column":49}}],"line":181},"20":{"loc":{"start":{"line":182,"column":15},"end":{"line":182,"column":34}},"type":"binary-expr","locations":[{"start":{"line":182,"column":15},"end":{"line":182,"column":20}},{"start":{"line":182,"column":24},"end":{"line":182,"column":34}}],"line":182},"21":{"loc":{"start":{"line":183,"column":17},"end":{"line":183,"column":40}},"type":"binary-expr","locations":[{"start":{"line":183,"column":17},"end":{"line":183,"column":24}},{"start":{"line":183,"column":28},"end":{"line":183,"column":40}}],"line":183}},"s":{"0":0,"1":0,"2":0,"3":0,"4":0,"5":0,"6":0,"7":0,"8":0,"9":0,"10":0,"11":0,"12":0,"13":0,"14":0,"15":0,"16":0,"17":0,"18":0,"19":0,"20":0,"21":0,"22":0,"23":0,"24":0,"25":0,"26":0,"27":0,"28":0,"29":0,"30":0,"31":0,"32":0,"33":0,"34":0,"35":0,"36":0,"37":0,"38":0,"39":0,"40":0,"41":0,"42":0,"43":0,"44":0,"45":0,"46":0,"47":0,"48":0,"49":0,"50":0,"51":0,"52":0,"53":0,"54":0,"55":0,"56":0,"57":0,"58":0,"59":0,"60":0,"61":0,"62":0,"63":0,"64":0,"65":0,"66":0,"67":0,"68":0,"69":0,"70":0,"71":0,"72":0,"73":0,"74":0,"75":0,"76":0,"77":0,"78":0,"79":0,"80":0,"81":0,"82":0,"83":0,"84":0,"85":0,"86":0,"87":0,"88":0,"89":0,"90":0},"f":{"0":0,"1":0,"2":0,"3":0,"4":0,"5":0,"6":0,"7":0},"b":{"0":[0,0],"1":[0,0],"2":[0,0],"3":[0,0],"4":[0,0],"5":[0,0],"6":[0,0],"7":[0,0],"8":[0,0],"9":[0,0],"10":[0,0],"11":[0,0],"12":[0,0],"13":[0,0],"14":[0,0],"15":[0,0],"16":[0,0],"17":[0,0],"18":[0,0],"19":[0,0],"20":[0,0],"21":[0,0]}}
,"/Users/berloonybaboony/Downloads/CS4218/cs4218-2520-ecom-project-cs4218-2520-team26/controllers/authController.test.js": {"path":"/Users/berloonybaboony/Downloads/CS4218/cs4218-2520-ecom-project-cs4218-2520-team26/controllers/authController.test.js","statementMap":{"0":{"start":{"line":6,"column":0},"end":{"line":6,"column":36}},"1":{"start":{"line":7,"column":0},"end":{"line":7,"column":37}},"2":{"start":{"line":8,"column":0},"end":{"line":8,"column":38}},"3":{"start":{"line":10,"column":0},"end":{"line":427,"column":3}},"4":{"start":{"line":13,"column":4},"end":{"line":25,"column":7}},"5":{"start":{"line":14,"column":8},"end":{"line":18,"column":10}},"6":{"start":{"line":19,"column":8},"end":{"line":23,"column":10}},"7":{"start":{"line":24,"column":8},"end":{"line":24,"column":29}},"8":{"start":{"line":28,"column":4},"end":{"line":218,"column":7}},"9":{"start":{"line":29,"column":8},"end":{"line":58,"column":11}},"10":{"start":{"line":31,"column":12},"end":{"line":31,"column":113}},"11":{"start":{"line":32,"column":29},"end":{"line":32,"column":115}},"12":{"start":{"line":33,"column":36},"end":{"line":33,"column":141}},"13":{"start":{"line":34,"column":12},"end":{"line":34,"column":59}},"14":{"start":{"line":35,"column":12},"end":{"line":35,"column":75}},"15":{"start":{"line":38,"column":12},"end":{"line":38,"column":52}},"16":{"start":{"line":41,"column":12},"end":{"line":41,"column":71}},"17":{"start":{"line":42,"column":12},"end":{"line":51,"column":14}},"18":{"start":{"line":52,"column":12},"end":{"line":52,"column":57}},"19":{"start":{"line":53,"column":12},"end":{"line":57,"column":15}},"20":{"start":{"line":60,"column":8},"end":{"line":90,"column":11}},"21":{"start":{"line":62,"column":12},"end":{"line":62,"column":68}},"22":{"start":{"line":63,"column":29},"end":{"line":63,"column":97}},"23":{"start":{"line":64,"column":31},"end":{"line":64,"column":50}},"24":{"start":{"line":65,"column":12},"end":{"line":65,"column":59}},"25":{"start":{"line":66,"column":12},"end":{"line":66,"column":55}},"26":{"start":{"line":67,"column":12},"end":{"line":67,"column":97}},"27":{"start":{"line":70,"column":12},"end":{"line":70,"column":52}},"28":{"start":{"line":73,"column":12},"end":{"line":73,"column":72}},"29":{"start":{"line":74,"column":12},"end":{"line":83,"column":14}},"30":{"start":{"line":84,"column":12},"end":{"line":84,"column":57}},"31":{"start":{"line":85,"column":12},"end":{"line":89,"column":15}},"32":{"start":{"line":92,"column":8},"end":{"line":139,"column":10}},"33":{"start":{"line":93,"column":12},"end":{"line":106,"column":15}},"34":{"start":{"line":95,"column":16},"end":{"line":95,"column":63}},"35":{"start":{"line":96,"column":33},"end":{"line":96,"column":101}},"36":{"start":{"line":97,"column":16},"end":{"line":97,"column":63}},"37":{"start":{"line":100,"column":16},"end":{"line":100,"column":56}},"38":{"start":{"line":103,"column":16},"end":{"line":105,"column":18}},"39":{"start":{"line":108,"column":12},"end":{"line":122,"column":15}},"40":{"start":{"line":110,"column":16},"end":{"line":110,"column":50}},"41":{"start":{"line":111,"column":33},"end":{"line":111,"column":101}},"42":{"start":{"line":112,"column":16},"end":{"line":112,"column":63}},"43":{"start":{"line":113,"column":16},"end":{"line":113,"column":61}},"44":{"start":{"line":114,"column":16},"end":{"line":114,"column":103}},"45":{"start":{"line":117,"column":16},"end":{"line":117,"column":56}},"46":{"start":{"line":120,"column":16},"end":{"line":120,"column":68}},"47":{"start":{"line":121,"column":16},"end":{"line":121,"column":61}},"48":{"start":{"line":124,"column":12},"end":{"line":138,"column":15}},"49":{"start":{"line":126,"column":16},"end":{"line":126,"column":51}},"50":{"start":{"line":127,"column":33},"end":{"line":127,"column":101}},"51":{"start":{"line":128,"column":16},"end":{"line":128,"column":63}},"52":{"start":{"line":129,"column":16},"end":{"line":129,"column":61}},"53":{"start":{"line":130,"column":16},"end":{"line":130,"column":103}},"54":{"start":{"line":133,"column":16},"end":{"line":133,"column":56}},"55":{"start":{"line":136,"column":16},"end":{"line":136,"column":69}},"56":{"start":{"line":137,"column":16},"end":{"line":137,"column":61}},"57":{"start":{"line":142,"column":8},"end":{"line":157,"column":11}},"58":{"start":{"line":144,"column":12},"end":{"line":144,"column":40}},"59":{"start":{"line":145,"column":12},"end":{"line":145,"column":78}},"60":{"start":{"line":148,"column":12},"end":{"line":148,"column":52}},"61":{"start":{"line":151,"column":12},"end":{"line":151,"column":57}},"62":{"start":{"line":152,"column":12},"end":{"line":156,"column":15}},"63":{"start":{"line":159,"column":8},"end":{"line":187,"column":11}},"64":{"start":{"line":161,"column":12},"end":{"line":161,"column":44}},"65":{"start":{"line":162,"column":29},"end":{"line":162,"column":109}},"66":{"start":{"line":163,"column":36},"end":{"line":163,"column":69}},"67":{"start":{"line":164,"column":12},"end":{"line":164,"column":59}},"68":{"start":{"line":165,"column":12},"end":{"line":165,"column":75}},"69":{"start":{"line":168,"column":12},"end":{"line":168,"column":52}},"70":{"start":{"line":171,"column":12},"end":{"line":180,"column":14}},"71":{"start":{"line":181,"column":12},"end":{"line":181,"column":57}},"72":{"start":{"line":182,"column":12},"end":{"line":186,"column":15}},"73":{"start":{"line":189,"column":8},"end":{"line":217,"column":11}},"74":{"start":{"line":191,"column":12},"end":{"line":191,"column":44}},"75":{"start":{"line":192,"column":29},"end":{"line":192,"column":114}},"76":{"start":{"line":193,"column":36},"end":{"line":193,"column":69}},"77":{"start":{"line":194,"column":12},"end":{"line":194,"column":59}},"78":{"start":{"line":195,"column":12},"end":{"line":195,"column":75}},"79":{"start":{"line":198,"column":12},"end":{"line":198,"column":52}},"80":{"start":{"line":201,"column":12},"end":{"line":210,"column":14}},"81":{"start":{"line":211,"column":12},"end":{"line":211,"column":57}},"82":{"start":{"line":212,"column":12},"end":{"line":216,"column":15}},"83":{"start":{"line":221,"column":4},"end":{"line":277,"column":7}},"84":{"start":{"line":222,"column":8},"end":{"line":240,"column":11}},"85":{"start":{"line":224,"column":31},"end":{"line":227,"column":13}},"86":{"start":{"line":228,"column":12},"end":{"line":232,"column":15}},"87":{"start":{"line":235,"column":12},"end":{"line":235,"column":48}},"88":{"start":{"line":238,"column":12},"end":{"line":238,"column":79}},"89":{"start":{"line":239,"column":12},"end":{"line":239,"column":62}},"90":{"start":{"line":242,"column":8},"end":{"line":260,"column":11}},"91":{"start":{"line":244,"column":12},"end":{"line":248,"column":15}},"92":{"start":{"line":251,"column":12},"end":{"line":251,"column":48}},"93":{"start":{"line":254,"column":12},"end":{"line":254,"column":57}},"94":{"start":{"line":255,"column":12},"end":{"line":259,"column":15}},"95":{"start":{"line":262,"column":8},"end":{"line":276,"column":11}},"96":{"start":{"line":264,"column":12},"end":{"line":268,"column":15}},"97":{"start":{"line":271,"column":12},"end":{"line":271,"column":48}},"98":{"start":{"line":274,"column":12},"end":{"line":274,"column":79}},"99":{"start":{"line":275,"column":12},"end":{"line":275,"column":54}},"100":{"start":{"line":280,"column":4},"end":{"line":342,"column":7}},"101":{"start":{"line":281,"column":8},"end":{"line":301,"column":11}},"102":{"start":{"line":283,"column":31},"end":{"line":286,"column":13}},"103":{"start":{"line":287,"column":12},"end":{"line":293,"column":15}},"104":{"start":{"line":296,"column":12},"end":{"line":296,"column":51}},"105":{"start":{"line":299,"column":12},"end":{"line":299,"column":61}},"106":{"start":{"line":300,"column":12},"end":{"line":300,"column":62}},"107":{"start":{"line":303,"column":8},"end":{"line":323,"column":11}},"108":{"start":{"line":305,"column":12},"end":{"line":311,"column":15}},"109":{"start":{"line":314,"column":12},"end":{"line":314,"column":51}},"110":{"start":{"line":317,"column":12},"end":{"line":317,"column":57}},"111":{"start":{"line":318,"column":12},"end":{"line":322,"column":15}},"112":{"start":{"line":325,"column":8},"end":{"line":341,"column":11}},"113":{"start":{"line":327,"column":12},"end":{"line":333,"column":15}},"114":{"start":{"line":336,"column":12},"end":{"line":336,"column":51}},"115":{"start":{"line":339,"column":12},"end":{"line":339,"column":61}},"116":{"start":{"line":340,"column":12},"end":{"line":340,"column":54}},"117":{"start":{"line":345,"column":4},"end":{"line":426,"column":7}},"118":{"start":{"line":346,"column":8},"end":{"line":363,"column":11}},"119":{"start":{"line":348,"column":12},"end":{"line":348,"column":49}},"120":{"start":{"line":349,"column":12},"end":{"line":349,"column":45}},"121":{"start":{"line":350,"column":37},"end":{"line":350,"column":93}},"122":{"start":{"line":351,"column":12},"end":{"line":351,"column":77}},"123":{"start":{"line":354,"column":12},"end":{"line":354,"column":50}},"124":{"start":{"line":357,"column":12},"end":{"line":361,"column":14}},"125":{"start":{"line":362,"column":12},"end":{"line":362,"column":68}},"126":{"start":{"line":365,"column":8},"end":{"line":389,"column":11}},"127":{"start":{"line":366,"column":34},"end":{"line":366,"column":102}},"128":{"start":{"line":368,"column":12},"end":{"line":388,"column":13}},"129":{"start":{"line":370,"column":16},"end":{"line":370,"column":53}},"130":{"start":{"line":371,"column":16},"end":{"line":371,"column":38}},"131":{"start":{"line":372,"column":41},"end":{"line":372,"column":86}},"132":{"start":{"line":373,"column":16},"end":{"line":373,"column":81}},"133":{"start":{"line":376,"column":16},"end":{"line":376,"column":54}},"134":{"start":{"line":379,"column":16},"end":{"line":383,"column":18}},"135":{"start":{"line":384,"column":16},"end":{"line":384,"column":72}},"136":{"start":{"line":387,"column":16},"end":{"line":387,"column":37}},"137":{"start":{"line":391,"column":8},"end":{"line":407,"column":11}},"138":{"start":{"line":393,"column":12},"end":{"line":393,"column":49}},"139":{"start":{"line":394,"column":12},"end":{"line":394,"column":45}},"140":{"start":{"line":395,"column":12},"end":{"line":395,"column":88}},"141":{"start":{"line":398,"column":12},"end":{"line":398,"column":50}},"142":{"start":{"line":401,"column":12},"end":{"line":401,"column":57}},"143":{"start":{"line":402,"column":12},"end":{"line":406,"column":15}},"144":{"start":{"line":409,"column":8},"end":{"line":425,"column":11}},"145":{"start":{"line":411,"column":12},"end":{"line":411,"column":41}},"146":{"start":{"line":412,"column":12},"end":{"line":412,"column":45}},"147":{"start":{"line":413,"column":12},"end":{"line":413,"column":65}},"148":{"start":{"line":416,"column":12},"end":{"line":416,"column":50}},"149":{"start":{"line":419,"column":12},"end":{"line":423,"column":14}},"150":{"start":{"line":424,"column":12},"end":{"line":424,"column":56}}},"fnMap":{"0":{"name":"(anonymous_0)","decl":{"start":{"line":10,"column":48},"end":{"line":10,"column":49}},"loc":{"start":{"line":10,"column":54},"end":{"line":427,"column":1}},"line":10},"1":{"name":"(anonymous_1)","decl":{"start":{"line":13,"column":15},"end":{"line":13,"column":16}},"loc":{"start":{"line":13,"column":21},"end":{"line":25,"column":5}},"line":13},"2":{"name":"(anonymous_2)","decl":{"start":{"line":28,"column":40},"end":{"line":28,"column":41}},"loc":{"start":{"line":28,"column":46},"end":{"line":218,"column":5}},"line":28},"3":{"name":"(anonymous_3)","decl":{"start":{"line":29,"column":81},"end":{"line":29,"column":82}},"loc":{"start":{"line":29,"column":93},"end":{"line":58,"column":9}},"line":29},"4":{"name":"(anonymous_4)","decl":{"start":{"line":60,"column":89},"end":{"line":60,"column":90}},"loc":{"start":{"line":60,"column":101},"end":{"line":90,"column":9}},"line":60},"5":{"name":"(anonymous_5)","decl":{"start":{"line":92,"column":58},"end":{"line":92,"column":59}},"loc":{"start":{"line":92,"column":64},"end":{"line":139,"column":9}},"line":92},"6":{"name":"(anonymous_6)","decl":{"start":{"line":93,"column":86},"end":{"line":93,"column":87}},"loc":{"start":{"line":93,"column":98},"end":{"line":106,"column":13}},"line":93},"7":{"name":"(anonymous_7)","decl":{"start":{"line":108,"column":73},"end":{"line":108,"column":74}},"loc":{"start":{"line":108,"column":85},"end":{"line":122,"column":13}},"line":108},"8":{"name":"(anonymous_8)","decl":{"start":{"line":124,"column":75},"end":{"line":124,"column":76}},"loc":{"start":{"line":124,"column":87},"end":{"line":138,"column":13}},"line":124},"9":{"name":"(anonymous_9)","decl":{"start":{"line":142,"column":49},"end":{"line":142,"column":50}},"loc":{"start":{"line":142,"column":61},"end":{"line":157,"column":9}},"line":142},"10":{"name":"(anonymous_10)","decl":{"start":{"line":159,"column":98},"end":{"line":159,"column":99}},"loc":{"start":{"line":159,"column":110},"end":{"line":187,"column":9}},"line":159},"11":{"name":"(anonymous_11)","decl":{"start":{"line":189,"column":96},"end":{"line":189,"column":97}},"loc":{"start":{"line":189,"column":108},"end":{"line":217,"column":9}},"line":189},"12":{"name":"(anonymous_12)","decl":{"start":{"line":221,"column":36},"end":{"line":221,"column":37}},"loc":{"start":{"line":221,"column":42},"end":{"line":277,"column":5}},"line":221},"13":{"name":"(anonymous_13)","decl":{"start":{"line":222,"column":56},"end":{"line":222,"column":57}},"loc":{"start":{"line":222,"column":68},"end":{"line":240,"column":9}},"line":222},"14":{"name":"(anonymous_14)","decl":{"start":{"line":242,"column":58},"end":{"line":242,"column":59}},"loc":{"start":{"line":242,"column":70},"end":{"line":260,"column":9}},"line":242},"15":{"name":"(anonymous_15)","decl":{"start":{"line":262,"column":64},"end":{"line":262,"column":65}},"loc":{"start":{"line":262,"column":76},"end":{"line":276,"column":9}},"line":262},"16":{"name":"(anonymous_16)","decl":{"start":{"line":280,"column":39},"end":{"line":280,"column":40}},"loc":{"start":{"line":280,"column":45},"end":{"line":342,"column":5}},"line":280},"17":{"name":"(anonymous_17)","decl":{"start":{"line":281,"column":65},"end":{"line":281,"column":66}},"loc":{"start":{"line":281,"column":77},"end":{"line":301,"column":9}},"line":281},"18":{"name":"(anonymous_18)","decl":{"start":{"line":303,"column":62},"end":{"line":303,"column":63}},"loc":{"start":{"line":303,"column":74},"end":{"line":323,"column":9}},"line":303},"19":{"name":"(anonymous_19)","decl":{"start":{"line":325,"column":61},"end":{"line":325,"column":62}},"loc":{"start":{"line":325,"column":73},"end":{"line":341,"column":9}},"line":325},"20":{"name":"(anonymous_20)","decl":{"start":{"line":345,"column":38},"end":{"line":345,"column":39}},"loc":{"start":{"line":345,"column":44},"end":{"line":426,"column":5}},"line":345},"21":{"name":"(anonymous_21)","decl":{"start":{"line":346,"column":54},"end":{"line":346,"column":55}},"loc":{"start":{"line":346,"column":66},"end":{"line":363,"column":9}},"line":346},"22":{"name":"(anonymous_22)","decl":{"start":{"line":365,"column":52},"end":{"line":365,"column":53}},"loc":{"start":{"line":365,"column":64},"end":{"line":389,"column":9}},"line":365},"23":{"name":"(anonymous_23)","decl":{"start":{"line":391,"column":62},"end":{"line":391,"column":63}},"loc":{"start":{"line":391,"column":74},"end":{"line":407,"column":9}},"line":391},"24":{"name":"(anonymous_24)","decl":{"start":{"line":409,"column":44},"end":{"line":409,"column":45}},"loc":{"start":{"line":409,"column":56},"end":{"line":425,"column":9}},"line":409}},"branchMap":{},"s":{"0":0,"1":0,"2":0,"3":0,"4":0,"5":0,"6":0,"7":0,"8":0,"9":0,"10":0,"11":0,"12":0,"13":0,"14":0,"15":0,"16":0,"17":0,"18":0,"19":0,"20":0,"21":0,"22":0,"23":0,"24":0,"25":0,"26":0,"27":0,"28":0,"29":0,"30":0,"31":0,"32":0,"33":0,"34":0,"35":0,"36":0,"37":0,"38":0,"39":0,"40":0,"41":0,"42":0,"43":0,"44":0,"45":0,"46":0,"47":0,"48":0,"49":0,"50":0,"51":0,"52":0,"53":0,"54":0,"55":0,"56":0,"57":0,"58":0,"59":0,"60":0,"61":0,"62":0,"63":0,"64":0,"65":0,"66":0,"67":0,"68":0,"69":0,"70":0,"71":0,"72":0,"73":0,"74":0,"75":0,"76":0,"77":0,"78":0,"79":0,"80":0,"81":0,"82":0,"83":0,"84":0,"85":0,"86":0,"87":0,"88":0,"89":0,"90":0,"91":0,"92":0,"93":0,"94":0,"95":0,"96":0,"97":0,"98":0,"99":0,"100":0,"101":0,"102":0,"103":0,"104":0,"105":0,"106":0,"107":0,"108":0,"109":0,"110":0,"111":0,"112":0,"113":0,"114":0,"115":0,"116":0,"117":0,"118":0,"119":0,"120":0,"121":0,"122":0,"123":0,"124":0,"125":0,"126":0,"127":0,"128":0,"129":0,"130":0,"131":0,"132":0,"133":0,"134":0,"135":0,"136":0,"137":0,"138":0,"139":0,"140":0,"141":0,"142":0,"143":0,"144":0,"145":0,"146":0,"147":0,"148":0,"149":0,"150":0},"f":{"0":0,"1":0,"2":0,"3":0,"4":0,"5":0,"6":0,"7":0,"8":0,"9":0,"10":0,"11":0,"12":0,"13":0,"14":0,"15":0,"16":0,"17":0,"18":0,"19":0,"20":0,"21":0,"22":0,"23":0,"24":0},"b":{}}
,"/Users/berloonybaboony/Downloads/CS4218/cs4218-2520-ecom-project-cs4218-2520-team26/controllers/categoryController.js": {"path":"/Users/berloonybaboony/Downloads/CS4218/cs4218-2520-ecom-project-cs4218-2520-team26/controllers/categoryController.js","statementMap":{"0":{"start":{"line":3,"column":40},"end":{"line":33,"column":1}},"1":{"start":{"line":4,"column":2},"end":{"line":32,"column":3}},"2":{"start":{"line":5,"column":21},"end":{"line":5,"column":29}},"3":{"start":{"line":6,"column":4},"end":{"line":8,"column":5}},"4":{"start":{"line":7,"column":6},"end":{"line":7,"column":67}},"5":{"start":{"line":9,"column":29},"end":{"line":9,"column":66}},"6":{"start":{"line":10,"column":4},"end":{"line":15,"column":5}},"7":{"start":{"line":11,"column":6},"end":{"line":14,"column":9}},"8":{"start":{"line":16,"column":21},"end":{"line":19,"column":13}},"9":{"start":{"line":20,"column":4},"end":{"line":24,"column":7}},"10":{"start":{"line":26,"column":4},"end":{"line":26,"column":23}},"11":{"start":{"line":27,"column":4},"end":{"line":31,"column":7}},"12":{"start":{"line":36,"column":40},"end":{"line":58,"column":1}},"13":{"start":{"line":37,"column":2},"end":{"line":57,"column":3}},"14":{"start":{"line":38,"column":21},"end":{"line":38,"column":29}},"15":{"start":{"line":39,"column":19},"end":{"line":39,"column":29}},"16":{"start":{"line":40,"column":21},"end":{"line":44,"column":5}},"17":{"start":{"line":45,"column":4},"end":{"line":49,"column":7}},"18":{"start":{"line":51,"column":4},"end":{"line":51,"column":23}},"19":{"start":{"line":52,"column":4},"end":{"line":56,"column":7}},"20":{"start":{"line":61,"column":34},"end":{"line":77,"column":1}},"21":{"start":{"line":62,"column":2},"end":{"line":76,"column":3}},"22":{"start":{"line":63,"column":21},"end":{"line":63,"column":49}},"23":{"start":{"line":64,"column":4},"end":{"line":68,"column":7}},"24":{"start":{"line":70,"column":4},"end":{"line":70,"column":23}},"25":{"start":{"line":71,"column":4},"end":{"line":75,"column":7}},"26":{"start":{"line":80,"column":40},"end":{"line":96,"column":1}},"27":{"start":{"line":81,"column":2},"end":{"line":95,"column":3}},"28":{"start":{"line":82,"column":21},"end":{"line":82,"column":75}},"29":{"start":{"line":83,"column":4},"end":{"line":87,"column":7}},"30":{"start":{"line":89,"column":4},"end":{"line":89,"column":23}},"31":{"start":{"line":90,"column":4},"end":{"line":94,"column":7}},"32":{"start":{"line":99,"column":40},"end":{"line":115,"column":1}},"33":{"start":{"line":100,"column":2},"end":{"line":114,"column":3}},"34":{"start":{"line":101,"column":19},"end":{"line":101,"column":29}},"35":{"start":{"line":102,"column":4},"end":{"line":102,"column":46}},"36":{"start":{"line":103,"column":4},"end":{"line":106,"column":7}},"37":{"start":{"line":108,"column":4},"end":{"line":108,"column":23}},"38":{"start":{"line":109,"column":4},"end":{"line":113,"column":7}}},"fnMap":{"0":{"name":"(anonymous_0)","decl":{"start":{"line":3,"column":40},"end":{"line":3,"column":41}},"loc":{"start":{"line":3,"column":60},"end":{"line":33,"column":1}},"line":3},"1":{"name":"(anonymous_1)","decl":{"start":{"line":36,"column":40},"end":{"line":36,"column":41}},"loc":{"start":{"line":36,"column":60},"end":{"line":58,"column":1}},"line":36},"2":{"name":"(anonymous_2)","decl":{"start":{"line":61,"column":34},"end":{"line":61,"column":35}},"loc":{"start":{"line":61,"column":54},"end":{"line":77,"column":1}},"line":61},"3":{"name":"(anonymous_3)","decl":{"start":{"line":80,"column":40},"end":{"line":80,"column":41}},"loc":{"start":{"line":80,"column":60},"end":{"line":96,"column":1}},"line":80},"4":{"name":"(anonymous_4)","decl":{"start":{"line":99,"column":40},"end":{"line":99,"column":41}},"loc":{"start":{"line":99,"column":60},"end":{"line":115,"column":1}},"line":99}},"branchMap":{"0":{"loc":{"start":{"line":6,"column":4},"end":{"line":8,"column":5}},"type":"if","locations":[{"start":{"line":6,"column":4},"end":{"line":8,"column":5}},{"start":{},"end":{}}],"line":6},"1":{"loc":{"start":{"line":10,"column":4},"end":{"line":15,"column":5}},"type":"if","locations":[{"start":{"line":10,"column":4},"end":{"line":15,"column":5}},{"start":{},"end":{}}],"line":10}},"s":{"0":1,"1":3,"2":3,"3":3,"4":1,"5":2,"6":1,"7":1,"8":0,"9":0,"10":1,"11":1,"12":1,"13":0,"14":0,"15":0,"16":0,"17":0,"18":0,"19":0,"20":1,"21":0,"22":0,"23":0,"24":0,"25":0,"26":1,"27":2,"28":2,"29":1,"30":1,"31":1,"32":1,"33":0,"34":0,"35":0,"36":0,"37":0,"38":0},"f":{"0":3,"1":0,"2":0,"3":2,"4":0},"b":{"0":[1,2],"1":[1,0]},"_coverageSchema":"1a1c01bbd47fc00a2c39e90264f33305004495a9","hash":"e9ec815ea62e54d32e1e50b4f9d3afbb4bd1ed0d"}
,"/Users/berloonybaboony/Downloads/CS4218/cs4218-2520-ecom-project-cs4218-2520-team26/controllers/productController.js": {"path":"/Users/berloonybaboony/Downloads/CS4218/cs4218-2520-ecom-project-cs4218-2520-team26/controllers/productController.js","statementMap":{"0":{"start":{"line":10,"column":0},"end":{"line":10,"column":16}},"1":{"start":{"line":13,"column":14},"end":{"line":18,"column":2}},"2":{"start":{"line":20,"column":39},"end":{"line":62,"column":1}},"3":{"start":{"line":21,"column":2},"end":{"line":61,"column":3}},"4":{"start":{"line":23,"column":6},"end":{"line":23,"column":16}},"5":{"start":{"line":24,"column":22},"end":{"line":24,"column":31}},"6":{"start":{"line":26,"column":4},"end":{"line":41,"column":5}},"7":{"start":{"line":28,"column":8},"end":{"line":28,"column":67}},"8":{"start":{"line":30,"column":8},"end":{"line":30,"column":74}},"9":{"start":{"line":32,"column":8},"end":{"line":32,"column":68}},"10":{"start":{"line":34,"column":8},"end":{"line":34,"column":71}},"11":{"start":{"line":36,"column":8},"end":{"line":36,"column":71}},"12":{"start":{"line":38,"column":8},"end":{"line":40,"column":77}},"13":{"start":{"line":43,"column":21},"end":{"line":43,"column":77}},"14":{"start":{"line":44,"column":4},"end":{"line":47,"column":5}},"15":{"start":{"line":45,"column":6},"end":{"line":45,"column":56}},"16":{"start":{"line":46,"column":6},"end":{"line":46,"column":46}},"17":{"start":{"line":48,"column":4},"end":{"line":48,"column":26}},"18":{"start":{"line":49,"column":4},"end":{"line":53,"column":7}},"19":{"start":{"line":55,"column":4},"end":{"line":55,"column":23}},"20":{"start":{"line":56,"column":4},"end":{"line":60,"column":7}},"21":{"start":{"line":65,"column":36},"end":{"line":87,"column":1}},"22":{"start":{"line":66,"column":2},"end":{"line":86,"column":3}},"23":{"start":{"line":67,"column":21},"end":{"line":72,"column":30}},"24":{"start":{"line":73,"column":4},"end":{"line":78,"column":7}},"25":{"start":{"line":80,"column":4},"end":{"line":80,"column":23}},"26":{"start":{"line":81,"column":4},"end":{"line":85,"column":7}},"27":{"start":{"line":89,"column":42},"end":{"line":108,"column":1}},"28":{"start":{"line":90,"column":2},"end":{"line":107,"column":3}},"29":{"start":{"line":91,"column":20},"end":{"line":94,"column":27}},"30":{"start":{"line":95,"column":4},"end":{"line":99,"column":7}},"31":{"start":{"line":101,"column":4},"end":{"line":101,"column":23}},"32":{"start":{"line":102,"column":4},"end":{"line":106,"column":7}},"33":{"start":{"line":111,"column":38},"end":{"line":126,"column":1}},"34":{"start":{"line":112,"column":2},"end":{"line":125,"column":3}},"35":{"start":{"line":113,"column":20},"end":{"line":113,"column":79}},"36":{"start":{"line":114,"column":4},"end":{"line":117,"column":5}},"37":{"start":{"line":115,"column":6},"end":{"line":115,"column":57}},"38":{"start":{"line":116,"column":6},"end":{"line":116,"column":54}},"39":{"start":{"line":119,"column":4},"end":{"line":119,"column":23}},"40":{"start":{"line":120,"column":4},"end":{"line":124,"column":7}},"41":{"start":{"line":129,"column":39},"end":{"line":144,"column":1}},"42":{"start":{"line":130,"column":2},"end":{"line":143,"column":3}},"43":{"start":{"line":131,"column":4},"end":{"line":131,"column":74}},"44":{"start":{"line":132,"column":4},"end":{"line":135,"column":7}},"45":{"start":{"line":137,"column":4},"end":{"line":137,"column":23}},"46":{"start":{"line":138,"column":4},"end":{"line":142,"column":7}},"47":{"start":{"line":147,"column":39},"end":{"line":193,"column":1}},"48":{"start":{"line":148,"column":2},"end":{"line":192,"column":3}},"49":{"start":{"line":150,"column":6},"end":{"line":150,"column":16}},"50":{"start":{"line":151,"column":22},"end":{"line":151,"column":31}},"51":{"start":{"line":153,"column":4},"end":{"line":168,"column":5}},"52":{"start":{"line":155,"column":8},"end":{"line":155,"column":67}},"53":{"start":{"line":157,"column":8},"end":{"line":157,"column":74}},"54":{"start":{"line":159,"column":8},"end":{"line":159,"column":68}},"55":{"start":{"line":161,"column":8},"end":{"line":161,"column":71}},"56":{"start":{"line":163,"column":8},"end":{"line":163,"column":71}},"57":{"start":{"line":165,"column":8},"end":{"line":167,"column":77}},"58":{"start":{"line":170,"column":21},"end":{"line":174,"column":5}},"59":{"start":{"line":175,"column":4},"end":{"line":178,"column":5}},"60":{"start":{"line":176,"column":6},"end":{"line":176,"column":56}},"61":{"start":{"line":177,"column":6},"end":{"line":177,"column":46}},"62":{"start":{"line":179,"column":4},"end":{"line":179,"column":26}},"63":{"start":{"line":180,"column":4},"end":{"line":184,"column":7}},"64":{"start":{"line":186,"column":4},"end":{"line":186,"column":23}},"65":{"start":{"line":187,"column":4},"end":{"line":191,"column":7}},"66":{"start":{"line":196,"column":40},"end":{"line":215,"column":1}},"67":{"start":{"line":197,"column":2},"end":{"line":214,"column":3}},"68":{"start":{"line":198,"column":31},"end":{"line":198,"column":39}},"69":{"start":{"line":199,"column":15},"end":{"line":199,"column":17}},"70":{"start":{"line":200,"column":4},"end":{"line":200,"column":52}},"71":{"start":{"line":200,"column":28},"end":{"line":200,"column":52}},"72":{"start":{"line":201,"column":4},"end":{"line":201,"column":70}},"73":{"start":{"line":201,"column":22},"end":{"line":201,"column":70}},"74":{"start":{"line":202,"column":21},"end":{"line":202,"column":50}},"75":{"start":{"line":203,"column":4},"end":{"line":206,"column":7}},"76":{"start":{"line":208,"column":4},"end":{"line":208,"column":23}},"77":{"start":{"line":209,"column":4},"end":{"line":213,"column":7}},"78":{"start":{"line":218,"column":38},"end":{"line":233,"column":1}},"79":{"start":{"line":219,"column":2},"end":{"line":232,"column":3}},"80":{"start":{"line":220,"column":18},"end":{"line":220,"column":70}},"81":{"start":{"line":221,"column":4},"end":{"line":224,"column":7}},"82":{"start":{"line":226,"column":4},"end":{"line":226,"column":23}},"83":{"start":{"line":227,"column":4},"end":{"line":231,"column":7}},"84":{"start":{"line":236,"column":37},"end":{"line":258,"column":1}},"85":{"start":{"line":237,"column":2},"end":{"line":257,"column":3}},"86":{"start":{"line":238,"column":20},"end":{"line":238,"column":21}},"87":{"start":{"line":239,"column":17},"end":{"line":239,"column":54}},"88":{"start":{"line":240,"column":21},"end":{"line":245,"column":30}},"89":{"start":{"line":246,"column":4},"end":{"line":249,"column":7}},"90":{"start":{"line":251,"column":4},"end":{"line":251,"column":23}},"91":{"start":{"line":252,"column":4},"end":{"line":256,"column":7}},"92":{"start":{"line":261,"column":39},"end":{"line":281,"column":1}},"93":{"start":{"line":262,"column":2},"end":{"line":280,"column":3}},"94":{"start":{"line":263,"column":24},"end":{"line":263,"column":34}},"95":{"start":{"line":264,"column":20},"end":{"line":271,"column":23}},"96":{"start":{"line":272,"column":4},"end":{"line":272,"column":22}},"97":{"start":{"line":274,"column":4},"end":{"line":274,"column":23}},"98":{"start":{"line":275,"column":4},"end":{"line":279,"column":7}},"99":{"start":{"line":284,"column":40},"end":{"line":307,"column":1}},"100":{"start":{"line":285,"column":2},"end":{"line":306,"column":3}},"101":{"start":{"line":286,"column":25},"end":{"line":286,"column":35}},"102":{"start":{"line":287,"column":21},"end":{"line":294,"column":27}},"103":{"start":{"line":295,"column":4},"end":{"line":298,"column":7}},"104":{"start":{"line":300,"column":4},"end":{"line":300,"column":23}},"105":{"start":{"line":301,"column":4},"end":{"line":305,"column":7}},"106":{"start":{"line":310,"column":41},"end":{"line":327,"column":1}},"107":{"start":{"line":311,"column":2},"end":{"line":326,"column":3}},"108":{"start":{"line":312,"column":21},"end":{"line":312,"column":75}},"109":{"start":{"line":313,"column":21},"end":{"line":313,"column":79}},"110":{"start":{"line":314,"column":4},"end":{"line":318,"column":7}},"111":{"start":{"line":320,"column":4},"end":{"line":320,"column":23}},"112":{"start":{"line":321,"column":4},"end":{"line":325,"column":7}},"113":{"start":{"line":331,"column":40},"end":{"line":343,"column":1}},"114":{"start":{"line":332,"column":2},"end":{"line":342,"column":3}},"115":{"start":{"line":333,"column":4},"end":{"line":339,"column":7}},"116":{"start":{"line":334,"column":6},"end":{"line":338,"column":7}},"117":{"start":{"line":335,"column":8},"end":{"line":335,"column":34}},"118":{"start":{"line":337,"column":8},"end":{"line":337,"column":27}},"119":{"start":{"line":341,"column":4},"end":{"line":341,"column":23}},"120":{"start":{"line":346,"column":42},"end":{"line":377,"column":1}},"121":{"start":{"line":347,"column":2},"end":{"line":376,"column":3}},"122":{"start":{"line":348,"column":28},"end":{"line":348,"column":36}},"123":{"start":{"line":349,"column":16},"end":{"line":349,"column":17}},"124":{"start":{"line":350,"column":4},"end":{"line":352,"column":7}},"125":{"start":{"line":351,"column":6},"end":{"line":351,"column":23}},"126":{"start":{"line":353,"column":25},"end":{"line":373,"column":5}},"127":{"start":{"line":362,"column":8},"end":{"line":371,"column":9}},"128":{"start":{"line":363,"column":24},"end":{"line":367,"column":19}},"129":{"start":{"line":368,"column":10},"end":{"line":368,"column":33}},"130":{"start":{"line":370,"column":10},"end":{"line":370,"column":38}},"131":{"start":{"line":375,"column":4},"end":{"line":375,"column":23}}},"fnMap":{"0":{"name":"(anonymous_0)","decl":{"start":{"line":20,"column":39},"end":{"line":20,"column":40}},"loc":{"start":{"line":20,"column":59},"end":{"line":62,"column":1}},"line":20},"1":{"name":"(anonymous_1)","decl":{"start":{"line":65,"column":36},"end":{"line":65,"column":37}},"loc":{"start":{"line":65,"column":56},"end":{"line":87,"column":1}},"line":65},"2":{"name":"(anonymous_2)","decl":{"start":{"line":89,"column":42},"end":{"line":89,"column":43}},"loc":{"start":{"line":89,"column":62},"end":{"line":108,"column":1}},"line":89},"3":{"name":"(anonymous_3)","decl":{"start":{"line":111,"column":38},"end":{"line":111,"column":39}},"loc":{"start":{"line":111,"column":58},"end":{"line":126,"column":1}},"line":111},"4":{"name":"(anonymous_4)","decl":{"start":{"line":129,"column":39},"end":{"line":129,"column":40}},"loc":{"start":{"line":129,"column":59},"end":{"line":144,"column":1}},"line":129},"5":{"name":"(anonymous_5)","decl":{"start":{"line":147,"column":39},"end":{"line":147,"column":40}},"loc":{"start":{"line":147,"column":59},"end":{"line":193,"column":1}},"line":147},"6":{"name":"(anonymous_6)","decl":{"start":{"line":196,"column":40},"end":{"line":196,"column":41}},"loc":{"start":{"line":196,"column":60},"end":{"line":215,"column":1}},"line":196},"7":{"name":"(anonymous_7)","decl":{"start":{"line":218,"column":38},"end":{"line":218,"column":39}},"loc":{"start":{"line":218,"column":58},"end":{"line":233,"column":1}},"line":218},"8":{"name":"(anonymous_8)","decl":{"start":{"line":236,"column":37},"end":{"line":236,"column":38}},"loc":{"start":{"line":236,"column":57},"end":{"line":258,"column":1}},"line":236},"9":{"name":"(anonymous_9)","decl":{"start":{"line":261,"column":39},"end":{"line":261,"column":40}},"loc":{"start":{"line":261,"column":59},"end":{"line":281,"column":1}},"line":261},"10":{"name":"(anonymous_10)","decl":{"start":{"line":284,"column":40},"end":{"line":284,"column":41}},"loc":{"start":{"line":284,"column":60},"end":{"line":307,"column":1}},"line":284},"11":{"name":"(anonymous_11)","decl":{"start":{"line":310,"column":41},"end":{"line":310,"column":42}},"loc":{"start":{"line":310,"column":61},"end":{"line":327,"column":1}},"line":310},"12":{"name":"(anonymous_12)","decl":{"start":{"line":331,"column":40},"end":{"line":331,"column":41}},"loc":{"start":{"line":331,"column":60},"end":{"line":343,"column":1}},"line":331},"13":{"name":"(anonymous_13)","decl":{"start":{"line":333,"column":37},"end":{"line":333,"column":38}},"loc":{"start":{"line":333,"column":62},"end":{"line":339,"column":5}},"line":333},"14":{"name":"(anonymous_14)","decl":{"start":{"line":346,"column":42},"end":{"line":346,"column":43}},"loc":{"start":{"line":346,"column":62},"end":{"line":377,"column":1}},"line":346},"15":{"name":"(anonymous_15)","decl":{"start":{"line":350,"column":13},"end":{"line":350,"column":14}},"loc":{"start":{"line":350,"column":20},"end":{"line":352,"column":5}},"line":350},"16":{"name":"(anonymous_16)","decl":{"start":{"line":361,"column":6},"end":{"line":361,"column":7}},"loc":{"start":{"line":361,"column":31},"end":{"line":372,"column":7}},"line":361}},"branchMap":{"0":{"loc":{"start":{"line":26,"column":4},"end":{"line":41,"column":5}},"type":"switch","locations":[{"start":{"line":27,"column":6},"end":{"line":28,"column":67}},{"start":{"line":29,"column":6},"end":{"line":30,"column":74}},{"start":{"line":31,"column":6},"end":{"line":32,"column":68}},{"start":{"line":33,"column":6},"end":{"line":34,"column":71}},{"start":{"line":35,"column":6},"end":{"line":36,"column":71}},{"start":{"line":37,"column":6},"end":{"line":40,"column":77}}],"line":26},"1":{"loc":{"start":{"line":37,"column":11},"end":{"line":37,"column":40}},"type":"binary-expr","locations":[{"start":{"line":37,"column":11},"end":{"line":37,"column":16}},{"start":{"line":37,"column":20},"end":{"line":37,"column":40}}],"line":37},"2":{"loc":{"start":{"line":44,"column":4},"end":{"line":47,"column":5}},"type":"if","locations":[{"start":{"line":44,"column":4},"end":{"line":47,"column":5}},{"start":{},"end":{}}],"line":44},"3":{"loc":{"start":{"line":114,"column":4},"end":{"line":117,"column":5}},"type":"if","locations":[{"start":{"line":114,"column":4},"end":{"line":117,"column":5}},{"start":{},"end":{}}],"line":114},"4":{"loc":{"start":{"line":153,"column":4},"end":{"line":168,"column":5}},"type":"switch","locations":[{"start":{"line":154,"column":6},"end":{"line":155,"column":67}},{"start":{"line":156,"column":6},"end":{"line":157,"column":74}},{"start":{"line":158,"column":6},"end":{"line":159,"column":68}},{"start":{"line":160,"column":6},"end":{"line":161,"column":71}},{"start":{"line":162,"column":6},"end":{"line":163,"column":71}},{"start":{"line":164,"column":6},"end":{"line":167,"column":77}}],"line":153},"5":{"loc":{"start":{"line":164,"column":11},"end":{"line":164,"column":40}},"type":"binary-expr","locations":[{"start":{"line":164,"column":11},"end":{"line":164,"column":16}},{"start":{"line":164,"column":20},"end":{"line":164,"column":40}}],"line":164},"6":{"loc":{"start":{"line":175,"column":4},"end":{"line":178,"column":5}},"type":"if","locations":[{"start":{"line":175,"column":4},"end":{"line":178,"column":5}},{"start":{},"end":{}}],"line":175},"7":{"loc":{"start":{"line":200,"column":4},"end":{"line":200,"column":52}},"type":"if","locations":[{"start":{"line":200,"column":4},"end":{"line":200,"column":52}},{"start":{},"end":{}}],"line":200},"8":{"loc":{"start":{"line":201,"column":4},"end":{"line":201,"column":70}},"type":"if","locations":[{"start":{"line":201,"column":4},"end":{"line":201,"column":70}},{"start":{},"end":{}}],"line":201},"9":{"loc":{"start":{"line":239,"column":17},"end":{"line":239,"column":54}},"type":"cond-expr","locations":[{"start":{"line":239,"column":35},"end":{"line":239,"column":50}},{"start":{"line":239,"column":53},"end":{"line":239,"column":54}}],"line":239},"10":{"loc":{"start":{"line":334,"column":6},"end":{"line":338,"column":7}},"type":"if","locations":[{"start":{"line":334,"column":6},"end":{"line":338,"column":7}},{"start":{"line":336,"column":13},"end":{"line":338,"column":7}}],"line":334},"11":{"loc":{"start":{"line":362,"column":8},"end":{"line":371,"column":9}},"type":"if","locations":[{"start":{"line":362,"column":8},"end":{"line":371,"column":9}},{"start":{"line":369,"column":15},"end":{"line":371,"column":9}}],"line":362}},"s":{"0":0,"1":0,"2":0,"3":0,"4":0,"5":0,"6":0,"7":0,"8":0,"9":0,"10":0,"11":0,"12":0,"13":0,"14":0,"15":0,"16":0,"17":0,"18":0,"19":0,"20":0,"21":0,"22":0,"23":0,"24":0,"25":0,"26":0,"27":0,"28":0,"29":0,"30":0,"31":0,"32":0,"33":0,"34":0,"35":0,"36":0,"37":0,"38":0,"39":0,"40":0,"41":0,"42":0,"43":0,"44":0,"45":0,"46":0,"47":0,"48":0,"49":0,"50":0,"51":0,"52":0,"53":0,"54":0,"55":0,"56":0,"57":0,"58":0,"59":0,"60":0,"61":0,"62":0,"63":0,"64":0,"65":0,"66":0,"67":0,"68":0,"69":0,"70":0,"71":0,"72":0,"73":0,"74":0,"75":0,"76":0,"77":0,"78":0,"79":0,"80":0,"81":0,"82":0,"83":0,"84":0,"85":0,"86":0,"87":0,"88":0,"89":0,"90":0,"91":0,"92":0,"93":0,"94":0,"95":0,"96":0,"97":0,"98":0,"99":0,"100":0,"101":0,"102":0,"103":0,"104":0,"105":0,"106":0,"107":0,"108":0,"109":0,"110":0,"111":0,"112":0,"113":0,"114":0,"115":0,"116":0,"117":0,"118":0,"119":0,"120":0,"121":0,"122":0,"123":0,"124":0,"125":0,"126":0,"127":0,"128":0,"129":0,"130":0,"131":0},"f":{"0":0,"1":0,"2":0,"3":0,"4":0,"5":0,"6":0,"7":0,"8":0,"9":0,"10":0,"11":0,"12":0,"13":0,"14":0,"15":0,"16":0},"b":{"0":[0,0,0,0,0,0],"1":[0,0],"2":[0,0],"3":[0,0],"4":[0,0,0,0,0,0],"5":[0,0],"6":[0,0],"7":[0,0],"8":[0,0],"9":[0,0],"10":[0,0],"11":[0,0]}}
,"/Users/berloonybaboony/Downloads/CS4218/cs4218-2520-ecom-project-cs4218-2520-team26/controllers/productController.test.js": {"path":"/Users/berloonybaboony/Downloads/CS4218/cs4218-2520-ecom-project-cs4218-2520-team26/controllers/productController.test.js","statementMap":{"0":{"start":{"line":2,"column":35},"end":{"line":2,"column":52}},"1":{"start":{"line":4,"column":0},"end":{"line":4,"column":51}},"2":{"start":{"line":4,"column":27},"end":{"line":4,"column":48}},"3":{"start":{"line":6,"column":0},"end":{"line":9,"column":4}},"4":{"start":{"line":6,"column":23},"end":{"line":9,"column":1}},"5":{"start":{"line":11,"column":0},"end":{"line":14,"column":4}},"6":{"start":{"line":11,"column":28},"end":{"line":14,"column":1}},"7":{"start":{"line":16,"column":0},"end":{"line":33,"column":3}},"8":{"start":{"line":17,"column":23},"end":{"line":17,"column":32}},"9":{"start":{"line":18,"column":19},"end":{"line":18,"column":28}},"10":{"start":{"line":20,"column":27},"end":{"line":23,"column":5}},"11":{"start":{"line":20,"column":42},"end":{"line":23,"column":3}},"12":{"start":{"line":25,"column":2},"end":{"line":32,"column":4}},"13":{"start":{"line":37,"column":0},"end":{"line":55,"column":3}},"14":{"start":{"line":38,"column":18},"end":{"line":38,"column":27}},"15":{"start":{"line":40,"column":22},"end":{"line":44,"column":5}},"16":{"start":{"line":40,"column":40},"end":{"line":44,"column":3}},"17":{"start":{"line":46,"column":2},"end":{"line":46,"column":31}},"18":{"start":{"line":47,"column":2},"end":{"line":47,"column":34}},"19":{"start":{"line":48,"column":2},"end":{"line":48,"column":35}},"20":{"start":{"line":49,"column":2},"end":{"line":49,"column":44}},"21":{"start":{"line":50,"column":2},"end":{"line":50,"column":44}},"22":{"start":{"line":52,"column":2},"end":{"line":52,"column":34}},"23":{"start":{"line":54,"column":2},"end":{"line":54,"column":52}},"24":{"start":{"line":57,"column":0},"end":{"line":60,"column":4}},"25":{"start":{"line":57,"column":47},"end":{"line":60,"column":1}},"26":{"start":{"line":84,"column":16},"end":{"line":91,"column":1}},"27":{"start":{"line":85,"column":14},"end":{"line":85,"column":16}},"28":{"start":{"line":86,"column":2},"end":{"line":86,"column":46}},"29":{"start":{"line":87,"column":2},"end":{"line":87,"column":44}},"30":{"start":{"line":88,"column":2},"end":{"line":88,"column":43}},"31":{"start":{"line":89,"column":2},"end":{"line":89,"column":44}},"32":{"start":{"line":90,"column":2},"end":{"line":90,"column":13}},"33":{"start":{"line":93,"column":19},"end":{"line":109,"column":1}},"34":{"start":{"line":94,"column":12},"end":{"line":99,"column":3}},"35":{"start":{"line":102,"column":2},"end":{"line":106,"column":6}},"36":{"start":{"line":103,"column":4},"end":{"line":106,"column":5}},"37":{"start":{"line":108,"column":2},"end":{"line":108,"column":11}},"38":{"start":{"line":111,"column":20},"end":{"line":119,"column":1}},"39":{"start":{"line":121,"column":0},"end":{"line":124,"column":3}},"40":{"start":{"line":122,"column":2},"end":{"line":122,"column":23}},"41":{"start":{"line":123,"column":2},"end":{"line":123,"column":58}},"42":{"start":{"line":126,"column":0},"end":{"line":128,"column":3}},"43":{"start":{"line":127,"column":2},"end":{"line":127,"column":30}},"44":{"start":{"line":130,"column":0},"end":{"line":282,"column":3}},"45":{"start":{"line":131,"column":2},"end":{"line":140,"column":5}},"46":{"start":{"line":132,"column":16},"end":{"line":132,"column":67}},"47":{"start":{"line":133,"column":16},"end":{"line":133,"column":25}},"48":{"start":{"line":135,"column":4},"end":{"line":135,"column":44}},"49":{"start":{"line":137,"column":4},"end":{"line":137,"column":49}},"50":{"start":{"line":138,"column":4},"end":{"line":138,"column":73}},"51":{"start":{"line":139,"column":4},"end":{"line":139,"column":48}},"52":{"start":{"line":142,"column":2},"end":{"line":151,"column":5}},"53":{"start":{"line":143,"column":16},"end":{"line":143,"column":74}},"54":{"start":{"line":144,"column":16},"end":{"line":144,"column":25}},"55":{"start":{"line":146,"column":4},"end":{"line":146,"column":44}},"56":{"start":{"line":148,"column":4},"end":{"line":148,"column":49}},"57":{"start":{"line":149,"column":4},"end":{"line":149,"column":80}},"58":{"start":{"line":150,"column":4},"end":{"line":150,"column":48}},"59":{"start":{"line":153,"column":2},"end":{"line":162,"column":5}},"60":{"start":{"line":154,"column":16},"end":{"line":154,"column":68}},"61":{"start":{"line":155,"column":16},"end":{"line":155,"column":25}},"62":{"start":{"line":157,"column":4},"end":{"line":157,"column":44}},"63":{"start":{"line":159,"column":4},"end":{"line":159,"column":49}},"64":{"start":{"line":160,"column":4},"end":{"line":160,"column":74}},"65":{"start":{"line":161,"column":4},"end":{"line":161,"column":48}},"66":{"start":{"line":164,"column":2},"end":{"line":173,"column":5}},"67":{"start":{"line":165,"column":16},"end":{"line":165,"column":71}},"68":{"start":{"line":166,"column":16},"end":{"line":166,"column":25}},"69":{"start":{"line":168,"column":4},"end":{"line":168,"column":44}},"70":{"start":{"line":170,"column":4},"end":{"line":170,"column":49}},"71":{"start":{"line":171,"column":4},"end":{"line":171,"column":77}},"72":{"start":{"line":172,"column":4},"end":{"line":172,"column":48}},"73":{"start":{"line":175,"column":2},"end":{"line":184,"column":5}},"74":{"start":{"line":176,"column":16},"end":{"line":176,"column":71}},"75":{"start":{"line":177,"column":16},"end":{"line":177,"column":25}},"76":{"start":{"line":179,"column":4},"end":{"line":179,"column":44}},"77":{"start":{"line":181,"column":4},"end":{"line":181,"column":49}},"78":{"start":{"line":182,"column":4},"end":{"line":182,"column":77}},"79":{"start":{"line":183,"column":4},"end":{"line":183,"column":48}},"80":{"start":{"line":186,"column":2},"end":{"line":200,"column":5}},"81":{"start":{"line":187,"column":16},"end":{"line":190,"column":5}},"82":{"start":{"line":191,"column":16},"end":{"line":191,"column":25}},"83":{"start":{"line":193,"column":4},"end":{"line":193,"column":44}},"84":{"start":{"line":195,"column":4},"end":{"line":195,"column":49}},"85":{"start":{"line":196,"column":4},"end":{"line":198,"column":7}},"86":{"start":{"line":199,"column":4},"end":{"line":199,"column":48}},"87":{"start":{"line":202,"column":2},"end":{"line":226,"column":5}},"88":{"start":{"line":203,"column":16},"end":{"line":203,"column":50}},"89":{"start":{"line":204,"column":16},"end":{"line":204,"column":25}},"90":{"start":{"line":206,"column":4},"end":{"line":206,"column":76}},"91":{"start":{"line":207,"column":4},"end":{"line":207,"column":60}},"92":{"start":{"line":209,"column":4},"end":{"line":209,"column":44}},"93":{"start":{"line":211,"column":4},"end":{"line":211,"column":59}},"94":{"start":{"line":212,"column":4},"end":{"line":215,"column":7}},"95":{"start":{"line":216,"column":4},"end":{"line":216,"column":51}},"96":{"start":{"line":217,"column":4},"end":{"line":217,"column":60}},"97":{"start":{"line":219,"column":4},"end":{"line":219,"column":49}},"98":{"start":{"line":220,"column":4},"end":{"line":225,"column":6}},"99":{"start":{"line":228,"column":2},"end":{"line":261,"column":7}},"100":{"start":{"line":229,"column":16},"end":{"line":238,"column":5}},"101":{"start":{"line":239,"column":16},"end":{"line":239,"column":25}},"102":{"start":{"line":241,"column":4},"end":{"line":241,"column":76}},"103":{"start":{"line":242,"column":4},"end":{"line":242,"column":67}},"104":{"start":{"line":243,"column":4},"end":{"line":243,"column":60}},"105":{"start":{"line":245,"column":4},"end":{"line":245,"column":44}},"106":{"start":{"line":247,"column":4},"end":{"line":247,"column":80}},"107":{"start":{"line":248,"column":4},"end":{"line":248,"column":60}},"108":{"start":{"line":250,"column":4},"end":{"line":250,"column":49}},"109":{"start":{"line":251,"column":4},"end":{"line":256,"column":8}},"110":{"start":{"line":258,"column":22},"end":{"line":258,"column":56}},"111":{"start":{"line":259,"column":6},"end":{"line":259,"column":68}},"112":{"start":{"line":260,"column":6},"end":{"line":260,"column":59}},"113":{"start":{"line":263,"column":2},"end":{"line":281,"column":5}},"114":{"start":{"line":264,"column":16},"end":{"line":264,"column":50}},"115":{"start":{"line":265,"column":16},"end":{"line":265,"column":25}},"116":{"start":{"line":267,"column":4},"end":{"line":267,"column":76}},"117":{"start":{"line":268,"column":16},"end":{"line":268,"column":43}},"118":{"start":{"line":269,"column":4},"end":{"line":269,"column":54}},"119":{"start":{"line":271,"column":4},"end":{"line":271,"column":44}},"120":{"start":{"line":273,"column":4},"end":{"line":273,"column":49}},"121":{"start":{"line":274,"column":4},"end":{"line":280,"column":6}},"122":{"start":{"line":284,"column":0},"end":{"line":332,"column":3}},"123":{"start":{"line":285,"column":2},"end":{"line":312,"column":5}},"124":{"start":{"line":286,"column":25},"end":{"line":289,"column":5}},"125":{"start":{"line":291,"column":14},"end":{"line":291,"column":38}},"126":{"start":{"line":292,"column":4},"end":{"line":292,"column":41}},"127":{"start":{"line":294,"column":16},"end":{"line":294,"column":18}},"128":{"start":{"line":295,"column":16},"end":{"line":295,"column":25}},"129":{"start":{"line":297,"column":4},"end":{"line":297,"column":41}},"130":{"start":{"line":299,"column":4},"end":{"line":299,"column":55}},"131":{"start":{"line":300,"column":4},"end":{"line":300,"column":56}},"132":{"start":{"line":301,"column":4},"end":{"line":301,"column":52}},"133":{"start":{"line":302,"column":4},"end":{"line":302,"column":45}},"134":{"start":{"line":303,"column":4},"end":{"line":303,"column":59}},"135":{"start":{"line":305,"column":4},"end":{"line":305,"column":49}},"136":{"start":{"line":306,"column":4},"end":{"line":311,"column":7}},"137":{"start":{"line":314,"column":2},"end":{"line":331,"column":5}},"138":{"start":{"line":315,"column":16},"end":{"line":315,"column":37}},"139":{"start":{"line":316,"column":14},"end":{"line":316,"column":47}},"140":{"start":{"line":317,"column":4},"end":{"line":317,"column":41}},"141":{"start":{"line":319,"column":16},"end":{"line":319,"column":18}},"142":{"start":{"line":320,"column":16},"end":{"line":320,"column":25}},"143":{"start":{"line":322,"column":4},"end":{"line":322,"column":41}},"144":{"start":{"line":324,"column":4},"end":{"line":324,"column":50}},"145":{"start":{"line":325,"column":4},"end":{"line":325,"column":49}},"146":{"start":{"line":326,"column":4},"end":{"line":330,"column":7}},"147":{"start":{"line":334,"column":0},"end":{"line":378,"column":3}},"148":{"start":{"line":335,"column":2},"end":{"line":358,"column":5}},"149":{"start":{"line":336,"column":24},"end":{"line":336,"column":80}},"150":{"start":{"line":337,"column":14},"end":{"line":337,"column":37}},"151":{"start":{"line":339,"column":4},"end":{"line":339,"column":44}},"152":{"start":{"line":341,"column":16},"end":{"line":341,"column":58}},"153":{"start":{"line":342,"column":16},"end":{"line":342,"column":25}},"154":{"start":{"line":344,"column":4},"end":{"line":344,"column":47}},"155":{"start":{"line":346,"column":4},"end":{"line":348,"column":7}},"156":{"start":{"line":349,"column":4},"end":{"line":349,"column":52}},"157":{"start":{"line":350,"column":4},"end":{"line":350,"column":56}},"158":{"start":{"line":352,"column":4},"end":{"line":352,"column":49}},"159":{"start":{"line":353,"column":4},"end":{"line":357,"column":7}},"160":{"start":{"line":360,"column":2},"end":{"line":377,"column":5}},"161":{"start":{"line":361,"column":16},"end":{"line":361,"column":43}},"162":{"start":{"line":362,"column":14},"end":{"line":362,"column":47}},"163":{"start":{"line":363,"column":4},"end":{"line":363,"column":44}},"164":{"start":{"line":365,"column":16},"end":{"line":365,"column":58}},"165":{"start":{"line":366,"column":16},"end":{"line":366,"column":25}},"166":{"start":{"line":368,"column":4},"end":{"line":368,"column":47}},"167":{"start":{"line":370,"column":4},"end":{"line":370,"column":50}},"168":{"start":{"line":371,"column":4},"end":{"line":371,"column":49}},"169":{"start":{"line":372,"column":4},"end":{"line":376,"column":7}},"170":{"start":{"line":380,"column":0},"end":{"line":438,"column":3}},"171":{"start":{"line":381,"column":2},"end":{"line":403,"column":5}},"172":{"start":{"line":382,"column":21},"end":{"line":382,"column":39}},"173":{"start":{"line":383,"column":24},"end":{"line":385,"column":5}},"174":{"start":{"line":387,"column":14},"end":{"line":389,"column":5}},"175":{"start":{"line":390,"column":4},"end":{"line":390,"column":45}},"176":{"start":{"line":392,"column":16},"end":{"line":392,"column":41}},"177":{"start":{"line":393,"column":16},"end":{"line":393,"column":25}},"178":{"start":{"line":395,"column":4},"end":{"line":395,"column":43}},"179":{"start":{"line":397,"column":4},"end":{"line":397,"column":61}},"180":{"start":{"line":398,"column":4},"end":{"line":398,"column":51}},"181":{"start":{"line":400,"column":4},"end":{"line":400,"column":71}},"182":{"start":{"line":401,"column":4},"end":{"line":401,"column":49}},"183":{"start":{"line":402,"column":4},"end":{"line":402,"column":52}},"184":{"start":{"line":405,"column":2},"end":{"line":418,"column":5}},"185":{"start":{"line":406,"column":24},"end":{"line":406,"column":76}},"186":{"start":{"line":407,"column":14},"end":{"line":407,"column":66}},"187":{"start":{"line":408,"column":4},"end":{"line":408,"column":45}},"188":{"start":{"line":410,"column":16},"end":{"line":410,"column":41}},"189":{"start":{"line":411,"column":16},"end":{"line":411,"column":25}},"190":{"start":{"line":413,"column":4},"end":{"line":413,"column":43}},"191":{"start":{"line":415,"column":4},"end":{"line":415,"column":43}},"192":{"start":{"line":416,"column":4},"end":{"line":416,"column":46}},"193":{"start":{"line":417,"column":4},"end":{"line":417,"column":44}},"194":{"start":{"line":420,"column":2},"end":{"line":437,"column":5}},"195":{"start":{"line":421,"column":16},"end":{"line":421,"column":47}},"196":{"start":{"line":422,"column":14},"end":{"line":422,"column":58}},"197":{"start":{"line":423,"column":4},"end":{"line":423,"column":45}},"198":{"start":{"line":425,"column":16},"end":{"line":425,"column":41}},"199":{"start":{"line":426,"column":16},"end":{"line":426,"column":25}},"200":{"start":{"line":428,"column":4},"end":{"line":428,"column":43}},"201":{"start":{"line":430,"column":4},"end":{"line":430,"column":50}},"202":{"start":{"line":431,"column":4},"end":{"line":431,"column":49}},"203":{"start":{"line":432,"column":4},"end":{"line":436,"column":7}},"204":{"start":{"line":440,"column":0},"end":{"line":459,"column":3}},"205":{"start":{"line":441,"column":2},"end":{"line":458,"column":5}},"206":{"start":{"line":442,"column":18},"end":{"line":442,"column":68}},"207":{"start":{"line":443,"column":4},"end":{"line":443,"column":58}},"208":{"start":{"line":445,"column":16},"end":{"line":445,"column":41}},"209":{"start":{"line":446,"column":16},"end":{"line":446,"column":25}},"210":{"start":{"line":448,"column":4},"end":{"line":448,"column":44}},"211":{"start":{"line":450,"column":4},"end":{"line":450,"column":70}},"212":{"start":{"line":451,"column":4},"end":{"line":451,"column":56}},"213":{"start":{"line":453,"column":4},"end":{"line":453,"column":49}},"214":{"start":{"line":454,"column":4},"end":{"line":457,"column":7}},"215":{"start":{"line":461,"column":2},"end":{"line":480,"column":5}},"216":{"start":{"line":462,"column":16},"end":{"line":462,"column":42}},"217":{"start":{"line":465,"column":18},"end":{"line":465,"column":62}},"218":{"start":{"line":466,"column":4},"end":{"line":466,"column":58}},"219":{"start":{"line":468,"column":16},"end":{"line":468,"column":41}},"220":{"start":{"line":469,"column":16},"end":{"line":469,"column":25}},"221":{"start":{"line":471,"column":4},"end":{"line":471,"column":44}},"222":{"start":{"line":473,"column":4},"end":{"line":473,"column":50}},"223":{"start":{"line":474,"column":4},"end":{"line":474,"column":49}},"224":{"start":{"line":475,"column":4},"end":{"line":479,"column":7}},"225":{"start":{"line":483,"column":0},"end":{"line":667,"column":3}},"226":{"start":{"line":484,"column":2},"end":{"line":497,"column":5}},"227":{"start":{"line":485,"column":16},"end":{"line":489,"column":5}},"228":{"start":{"line":490,"column":16},"end":{"line":490,"column":25}},"229":{"start":{"line":492,"column":4},"end":{"line":492,"column":44}},"230":{"start":{"line":494,"column":4},"end":{"line":494,"column":49}},"231":{"start":{"line":495,"column":4},"end":{"line":495,"column":73}},"232":{"start":{"line":496,"column":4},"end":{"line":496,"column":66}},"233":{"start":{"line":499,"column":2},"end":{"line":512,"column":5}},"234":{"start":{"line":500,"column":16},"end":{"line":504,"column":5}},"235":{"start":{"line":505,"column":16},"end":{"line":505,"column":25}},"236":{"start":{"line":507,"column":4},"end":{"line":507,"column":44}},"237":{"start":{"line":509,"column":4},"end":{"line":509,"column":49}},"238":{"start":{"line":510,"column":4},"end":{"line":510,"column":80}},"239":{"start":{"line":511,"column":4},"end":{"line":511,"column":66}},"240":{"start":{"line":514,"column":2},"end":{"line":527,"column":5}},"241":{"start":{"line":515,"column":16},"end":{"line":519,"column":5}},"242":{"start":{"line":520,"column":16},"end":{"line":520,"column":25}},"243":{"start":{"line":522,"column":4},"end":{"line":522,"column":44}},"244":{"start":{"line":524,"column":4},"end":{"line":524,"column":49}},"245":{"start":{"line":525,"column":4},"end":{"line":525,"column":74}},"246":{"start":{"line":526,"column":4},"end":{"line":526,"column":66}},"247":{"start":{"line":529,"column":2},"end":{"line":542,"column":5}},"248":{"start":{"line":530,"column":16},"end":{"line":534,"column":5}},"249":{"start":{"line":535,"column":16},"end":{"line":535,"column":25}},"250":{"start":{"line":537,"column":4},"end":{"line":537,"column":44}},"251":{"start":{"line":539,"column":4},"end":{"line":539,"column":49}},"252":{"start":{"line":540,"column":4},"end":{"line":540,"column":77}},"253":{"start":{"line":541,"column":4},"end":{"line":541,"column":66}},"254":{"start":{"line":544,"column":2},"end":{"line":557,"column":5}},"255":{"start":{"line":545,"column":16},"end":{"line":549,"column":5}},"256":{"start":{"line":550,"column":16},"end":{"line":550,"column":25}},"257":{"start":{"line":552,"column":4},"end":{"line":552,"column":44}},"258":{"start":{"line":554,"column":4},"end":{"line":554,"column":49}},"259":{"start":{"line":555,"column":4},"end":{"line":555,"column":77}},"260":{"start":{"line":556,"column":4},"end":{"line":556,"column":66}},"261":{"start":{"line":559,"column":2},"end":{"line":574,"column":5}},"262":{"start":{"line":560,"column":16},"end":{"line":564,"column":5}},"263":{"start":{"line":565,"column":16},"end":{"line":565,"column":25}},"264":{"start":{"line":567,"column":4},"end":{"line":567,"column":44}},"265":{"start":{"line":569,"column":4},"end":{"line":569,"column":49}},"266":{"start":{"line":570,"column":4},"end":{"line":572,"column":7}},"267":{"start":{"line":573,"column":4},"end":{"line":573,"column":66}},"268":{"start":{"line":576,"column":2},"end":{"line":610,"column":5}},"269":{"start":{"line":577,"column":16},"end":{"line":581,"column":5}},"270":{"start":{"line":582,"column":16},"end":{"line":582,"column":25}},"271":{"start":{"line":584,"column":4},"end":{"line":584,"column":76}},"272":{"start":{"line":586,"column":17},"end":{"line":586,"column":59}},"273":{"start":{"line":587,"column":23},"end":{"line":587,"column":73}},"274":{"start":{"line":589,"column":4},"end":{"line":589,"column":69}},"275":{"start":{"line":591,"column":4},"end":{"line":591,"column":44}},"276":{"start":{"line":593,"column":4},"end":{"line":593,"column":59}},"277":{"start":{"line":594,"column":4},"end":{"line":598,"column":6}},"278":{"start":{"line":599,"column":4},"end":{"line":599,"column":51}},"279":{"start":{"line":600,"column":4},"end":{"line":600,"column":42}},"280":{"start":{"line":602,"column":4},"end":{"line":602,"column":49}},"281":{"start":{"line":603,"column":4},"end":{"line":609,"column":6}},"282":{"start":{"line":612,"column":2},"end":{"line":642,"column":5}},"283":{"start":{"line":613,"column":16},"end":{"line":623,"column":5}},"284":{"start":{"line":624,"column":16},"end":{"line":624,"column":25}},"285":{"start":{"line":626,"column":4},"end":{"line":626,"column":76}},"286":{"start":{"line":627,"column":4},"end":{"line":627,"column":67}},"287":{"start":{"line":629,"column":17},"end":{"line":629,"column":59}},"288":{"start":{"line":630,"column":23},"end":{"line":630,"column":73}},"289":{"start":{"line":632,"column":4},"end":{"line":632,"column":69}},"290":{"start":{"line":634,"column":4},"end":{"line":634,"column":44}},"291":{"start":{"line":636,"column":4},"end":{"line":636,"column":80}},"292":{"start":{"line":637,"column":4},"end":{"line":637,"column":69}},"293":{"start":{"line":638,"column":4},"end":{"line":638,"column":60}},"294":{"start":{"line":639,"column":4},"end":{"line":639,"column":42}},"295":{"start":{"line":641,"column":4},"end":{"line":641,"column":49}},"296":{"start":{"line":644,"column":2},"end":{"line":666,"column":5}},"297":{"start":{"line":645,"column":16},"end":{"line":649,"column":5}},"298":{"start":{"line":650,"column":16},"end":{"line":650,"column":25}},"299":{"start":{"line":652,"column":16},"end":{"line":652,"column":42}},"300":{"start":{"line":653,"column":4},"end":{"line":653,"column":62}},"301":{"start":{"line":655,"column":4},"end":{"line":655,"column":44}},"302":{"start":{"line":657,"column":4},"end":{"line":657,"column":50}},"303":{"start":{"line":658,"column":4},"end":{"line":658,"column":49}},"304":{"start":{"line":659,"column":4},"end":{"line":665,"column":6}},"305":{"start":{"line":669,"column":0},"end":{"line":745,"column":3}},"306":{"start":{"line":670,"column":2},"end":{"line":685,"column":5}},"307":{"start":{"line":671,"column":16},"end":{"line":671,"column":84}},"308":{"start":{"line":672,"column":16},"end":{"line":672,"column":25}},"309":{"start":{"line":674,"column":21},"end":{"line":674,"column":36}},"310":{"start":{"line":675,"column":4},"end":{"line":675,"column":54}},"311":{"start":{"line":677,"column":4},"end":{"line":677,"column":45}},"312":{"start":{"line":679,"column":4},"end":{"line":682,"column":7}},"313":{"start":{"line":683,"column":4},"end":{"line":683,"column":49}},"314":{"start":{"line":684,"column":4},"end":{"line":684,"column":81}},"315":{"start":{"line":687,"column":2},"end":{"line":698,"column":5}},"316":{"start":{"line":688,"column":16},"end":{"line":688,"column":65}},"317":{"start":{"line":689,"column":16},"end":{"line":689,"column":25}},"318":{"start":{"line":691,"column":21},"end":{"line":691,"column":36}},"319":{"start":{"line":692,"column":4},"end":{"line":692,"column":54}},"320":{"start":{"line":694,"column":4},"end":{"line":694,"column":45}},"321":{"start":{"line":696,"column":4},"end":{"line":696,"column":82}},"322":{"start":{"line":697,"column":4},"end":{"line":697,"column":49}},"323":{"start":{"line":700,"column":2},"end":{"line":713,"column":5}},"324":{"start":{"line":701,"column":16},"end":{"line":701,"column":58}},"325":{"start":{"line":702,"column":16},"end":{"line":702,"column":25}},"326":{"start":{"line":704,"column":21},"end":{"line":704,"column":36}},"327":{"start":{"line":705,"column":4},"end":{"line":705,"column":54}},"328":{"start":{"line":707,"column":4},"end":{"line":707,"column":45}},"329":{"start":{"line":709,"column":4},"end":{"line":711,"column":7}},"330":{"start":{"line":712,"column":4},"end":{"line":712,"column":49}},"331":{"start":{"line":715,"column":2},"end":{"line":726,"column":5}},"332":{"start":{"line":716,"column":16},"end":{"line":716,"column":52}},"333":{"start":{"line":717,"column":16},"end":{"line":717,"column":25}},"334":{"start":{"line":719,"column":21},"end":{"line":719,"column":36}},"335":{"start":{"line":720,"column":4},"end":{"line":720,"column":54}},"336":{"start":{"line":722,"column":4},"end":{"line":722,"column":45}},"337":{"start":{"line":724,"column":4},"end":{"line":724,"column":55}},"338":{"start":{"line":725,"column":4},"end":{"line":725,"column":49}},"339":{"start":{"line":728,"column":2},"end":{"line":744,"column":5}},"340":{"start":{"line":729,"column":16},"end":{"line":729,"column":52}},"341":{"start":{"line":730,"column":16},"end":{"line":730,"column":25}},"342":{"start":{"line":732,"column":16},"end":{"line":732,"column":40}},"343":{"start":{"line":733,"column":4},"end":{"line":733,"column":49}},"344":{"start":{"line":735,"column":4},"end":{"line":735,"column":45}},"345":{"start":{"line":737,"column":4},"end":{"line":737,"column":50}},"346":{"start":{"line":738,"column":4},"end":{"line":738,"column":49}},"347":{"start":{"line":739,"column":4},"end":{"line":743,"column":7}},"348":{"start":{"line":747,"column":0},"end":{"line":781,"column":3}},"349":{"start":{"line":748,"column":2},"end":{"line":761,"column":5}},"350":{"start":{"line":749,"column":16},"end":{"line":749,"column":18}},"351":{"start":{"line":750,"column":16},"end":{"line":750,"column":25}},"352":{"start":{"line":752,"column":18},"end":{"line":752,"column":81}},"353":{"start":{"line":753,"column":4},"end":{"line":753,"column":49}},"354":{"start":{"line":755,"column":4},"end":{"line":755,"column":43}},"355":{"start":{"line":757,"column":4},"end":{"line":757,"column":55}},"356":{"start":{"line":758,"column":4},"end":{"line":758,"column":66}},"357":{"start":{"line":759,"column":4},"end":{"line":759,"column":49}},"358":{"start":{"line":760,"column":4},"end":{"line":760,"column":72}},"359":{"start":{"line":763,"column":2},"end":{"line":780,"column":5}},"360":{"start":{"line":764,"column":16},"end":{"line":764,"column":18}},"361":{"start":{"line":765,"column":16},"end":{"line":765,"column":25}},"362":{"start":{"line":767,"column":16},"end":{"line":767,"column":39}},"363":{"start":{"line":768,"column":18},"end":{"line":768,"column":82}},"364":{"start":{"line":769,"column":4},"end":{"line":769,"column":49}},"365":{"start":{"line":771,"column":4},"end":{"line":771,"column":43}},"366":{"start":{"line":773,"column":4},"end":{"line":773,"column":50}},"367":{"start":{"line":774,"column":4},"end":{"line":774,"column":49}},"368":{"start":{"line":775,"column":4},"end":{"line":779,"column":7}},"369":{"start":{"line":783,"column":0},"end":{"line":862,"column":3}},"370":{"start":{"line":785,"column":2},"end":{"line":811,"column":5}},"371":{"start":{"line":786,"column":16},"end":{"line":786,"column":39}},"372":{"start":{"line":787,"column":16},"end":{"line":787,"column":25}},"373":{"start":{"line":789,"column":25},"end":{"line":789,"column":40}},"374":{"start":{"line":791,"column":14},"end":{"line":796,"column":5}},"375":{"start":{"line":797,"column":4},"end":{"line":797,"column":86}},"376":{"start":{"line":797,"column":34},"end":{"line":797,"column":85}},"377":{"start":{"line":799,"column":4},"end":{"line":799,"column":45}},"378":{"start":{"line":801,"column":4},"end":{"line":801,"column":42}},"379":{"start":{"line":803,"column":4},"end":{"line":803,"column":55}},"380":{"start":{"line":804,"column":4},"end":{"line":804,"column":52}},"381":{"start":{"line":805,"column":4},"end":{"line":805,"column":43}},"382":{"start":{"line":806,"column":4},"end":{"line":806,"column":44}},"383":{"start":{"line":807,"column":4},"end":{"line":807,"column":59}},"384":{"start":{"line":809,"column":4},"end":{"line":809,"column":49}},"385":{"start":{"line":810,"column":4},"end":{"line":810,"column":85}},"386":{"start":{"line":814,"column":2},"end":{"line":834,"column":5}},"387":{"start":{"line":815,"column":16},"end":{"line":815,"column":30}},"388":{"start":{"line":816,"column":16},"end":{"line":816,"column":25}},"389":{"start":{"line":818,"column":25},"end":{"line":818,"column":40}},"390"
[...]
oc":{"start":{"line":1081,"column":40},"end":{"line":1184,"column":1}},"line":1081},"86":{"name":"(anonymous_86)","decl":{"start":{"line":1082,"column":13},"end":{"line":1082,"column":14}},"loc":{"start":{"line":1082,"column":19},"end":{"line":1084,"column":3}},"line":1082},"87":{"name":"(anonymous_87)","decl":{"start":{"line":1086,"column":41},"end":{"line":1086,"column":42}},"loc":{"start":{"line":1086,"column":47},"end":{"line":1183,"column":3}},"line":1086},"88":{"name":"(anonymous_88)","decl":{"start":{"line":1087,"column":69},"end":{"line":1087,"column":70}},"loc":{"start":{"line":1087,"column":81},"end":{"line":1125,"column":5}},"line":1087},"89":{"name":"(anonymous_89)","decl":{"start":{"line":1101,"column":34},"end":{"line":1101,"column":35}},"loc":{"start":{"line":1101,"column":56},"end":{"line":1103,"column":7}},"line":1101},"90":{"name":"(anonymous_90)","decl":{"start":{"line":1127,"column":45},"end":{"line":1127,"column":46}},"loc":{"start":{"line":1127,"column":57},"end":{"line":1150,"column":5}},"line":1127},"91":{"name":"(anonymous_91)","decl":{"start":{"line":1138,"column":34},"end":{"line":1138,"column":35}},"loc":{"start":{"line":1138,"column":56},"end":{"line":1140,"column":7}},"line":1138},"92":{"name":"(anonymous_92)","decl":{"start":{"line":1152,"column":67},"end":{"line":1152,"column":68}},"loc":{"start":{"line":1152,"column":79},"end":{"line":1182,"column":5}},"line":1152},"93":{"name":"(anonymous_93)","decl":{"start":{"line":1163,"column":34},"end":{"line":1163,"column":35}},"loc":{"start":{"line":1163,"column":40},"end":{"line":1165,"column":7}},"line":1163},"94":{"name":"(anonymous_94)","decl":{"start":{"line":1169,"column":28},"end":{"line":1169,"column":29}},"loc":{"start":{"line":1169,"column":34},"end":{"line":1169,"column":36}},"line":1169}},"branchMap":{"0":{"loc":{"start":{"line":93,"column":32},"end":{"line":93,"column":55}},"type":"default-arg","locations":[{"start":{"line":93,"column":53},"end":{"line":93,"column":55}}],"line":93},"1":{"loc":{"start":{"line":93,"column":34},"end":{"line":93,"column":48}},"type":"default-arg","locations":[{"start":{"line":93,"column":43},"end":{"line":93,"column":48}}],"line":93},"2":{"loc":{"start":{"line":103,"column":5},"end":{"line":103,"column":70}},"type":"cond-expr","locations":[{"start":{"line":103,"column":14},"end":{"line":103,"column":40}},{"start":{"line":103,"column":43},"end":{"line":103,"column":70}}],"line":103}},"s":{"0":0,"1":0,"2":0,"3":0,"4":0,"5":0,"6":0,"7":0,"8":0,"9":0,"10":0,"11":0,"12":0,"13":0,"14":0,"15":0,"16":0,"17":0,"18":0,"19":0,"20":0,"21":0,"22":0,"23":0,"24":0,"25":0,"26":0,"27":0,"28":0,"29":0,"30":0,"31":0,"32":0,"33":0,"34":0,"35":0,"36":0,"37":0,"38":0,"39":0,"40":0,"41":0,"42":0,"43":0,"44":0,"45":0,"46":0,"47":0,"48":0,"49":0,"50":0,"51":0,"52":0,"53":0,"54":0,"55":0,"56":0,"57":0,"58":0,"59":0,"60":0,"61":0,"62":0,"63":0,"64":0,"65":0,"66":0,"67":0,"68":0,"69":0,"70":0,"71":0,"72":0,"73":0,"74":0,"75":0,"76":0,"77":0,"78":0,"79":0,"80":0,"81":0,"82":0,"83":0,"84":0,"85":0,"86":0,"87":0,"88":0,"89":0,"90":0,"91":0,"92":0,"93":0,"94":0,"95":0,"96":0,"97":0,"98":0,"99":0,"100":0,"101":0,"102":0,"103":0,"104":0,"105":0,"106":0,"107":0,"108":0,"109":0,"110":0,"111":0,"112":0,"113":0,"114":0,"115":0,"116":0,"117":0,"118":0,"119":0,"120":0,"121":0,"122":0,"123":0,"124":0,"125":0,"126":0,"127":0,"128":0,"129":0,"130":0,"131":0,"132":0,"133":0,"134":0,"135":0,"136":0,"137":0,"138":0,"139":0,"140":0,"141":0,"142":0,"143":0,"144":0,"145":0,"146":0,"147":0,"148":0,"149":0,"150":0,"151":0,"152":0,"153":0,"154":0,"155":0,"156":0,"157":0,"158":0,"159":0,"160":0,"161":0,"162":0,"163":0,"164":0,"165":0,"166":0,"167":0,"168":0,"169":0,"170":0,"171":0,"172":0,"173":0,"174":0,"175":0,"176":0,"177":0,"178":0,"179":0,"180":0,"181":0,"182":0,"183":0,"184":0,"185":0,"186":0,"187":0,"188":0,"189":0,"190":0,"191":0,"192":0,"193":0,"194":0,"195":0,"196":0,"197":0,"198":0,"199":0,"200":0,"201":0,"202":0,"203":0,"204":0,"205":0,"206":0,"207":0,"208":0,"209":0,"210":0,"211":0,"212":0,"213":0,"214":0,"215":0,"216":0,"217":0,"218":0,"219":0,"220":0,"221":0,"222":0,"223":0,"224":0,"225":0,"226":0,"227":0,"228":0,"229":0,"230":0,"231":0,"232":0,"233":0,"234":0,"235":0,"236":0,"237":0,"238":0,"239":0,"240":0,"241":0,"242":0,"243":0,"244":0,"245":0,"246":0,"247":0,"248":0,"249":0,"250":0,"251":0,"252":0,"253":0,"254":0,"255":0,"256":0,"257":0,"258":0,"259":0,"260":0,"261":0,"262":0,"263":0,"264":0,"265":0,"266":0,"267":0,"268":0,"269":0,"270":0,"271":0,"272":0,"273":0,"274":0,"275":0,"276":0,"277":0,"278":0,"279":0,"280":0,"281":0,"282":0,"283":0,"284":0,"285":0,"286":0,"287":0,"288":0,"289":0,"290":0,"291":0,"292":0,"293":0,"294":0,"295":0,"296":0,"297":0,"298":0,"299":0,"300":0,"301":0,"302":0,"303":0,"304":0,"305":0,"306":0,"307":0,"308":0,"309":0,"310":0,"311":0,"312":0,"313":0,"314":0,"315":0,"316":0,"317":0,"318":0,"319":0,"320":0,"321":0,"322":0,"323":0,"324":0,"325":0,"326":0,"327":0,"328":0,"329":0,"330":0,"331":0,"332":0,"333":0,"334":0,"335":0,"336":0,"337":0,"338":0,"339":0,"340":0,"341":0,"342":0,"343":0,"344":0,"345":0,"346":0,"347":0,"348":0,"349":0,"350":0,"351":0,"352":0,"353":0,"354":0,"355":0,"356":0,"357":0,"358":0,"359":0,"360":0,"361":0,"362":0,"363":0,"364":0,"365":0,"366":0,"367":0,"368":0,"369":0,"370":0,"371":0,"372":0,"373":0,"374":0,"375":0,"376":0,"377":0,"378":0,"379":0,"380":0,"381":0,"382":0,"383":0,"384":0,"385":0,"386":0,"387":0,"388":0,"389":0,"390":0,"391":0,"392":0,"393":0,"394":0,"395":0,"396":0,"397":0,"398":0,"399":0,"400":0,"401":0,"402":0,"403":0,"404":0,"405":0,"406":0,"407":0,"408":0,"409":0,"410":0,"411":0,"412":0,"413":0,"414":0,"415":0,"416":0,"417":0,"418":0,"419":0,"420":0,"421":0,"422":0,"423":0,"424":0,"425":0,"426":0,"427":0,"428":0,"429":0,"430":0,"431":0,"432":0,"433":0,"434":0,"435":0,"436":0,"437":0,"438":0,"439":0,"440":0,"441":0,"442":0,"443":0,"444":0,"445":0,"446":0,"447":0,"448":0,"449":0,"450":0,"451":0,"452":0,"453":0,"454":0,"455":0,"456":0,"457":0,"458":0,"459":0,"460":0,"461":0,"462":0,"463":0,"464":0,"465":0,"466":0,"467":0,"468":0,"469":0,"470":0,"471":0,"472":0,"473":0,"474":0,"475":0,"476":0,"477":0,"478":0,"479":0,"480":0,"481":0,"482":0,"483":0,"484":0,"485":0,"486":0,"487":0,"488":0,"489":0,"490":0,"491":0,"492":0,"493":0,"494":0,"495":0,"496":0,"497":0,"498":0,"499":0,"500":0,"501":0,"502":0,"503":0,"504":0,"505":0,"506":0,"507":0,"508":0,"509":0,"510":0,"511":0,"512":0,"513":0,"514":0,"515":0,"516":0,"517":0,"518":0,"519":0,"520":0,"521":0,"522":0,"523":0,"524":0,"525":0,"526":0,"527":0,"528":0,"529":0,"530":0,"531":0,"532":0,"533":0,"534":0,"535":0,"536":0,"537":0,"538":0,"539":0,"540":0,"541":0,"542":0,"543":0,"544":0,"545":0,"546":0,"547":0,"548":0,"549":0,"550":0,"551":0,"552":0,"553":0,"554":0,"555":0,"556":0,"557":0,"558":0,"559":0,"560":0,"561":0,"562":0,"563":0,"564":0,"565":0,"566":0,"567":0},"f":{"0":0,"1":0,"2":0,"3":0,"4":0,"5":0,"6":0,"7":0,"8":0,"9":0,"10":0,"11":0,"12":0,"13":0,"14":0,"15":0,"16":0,"17":0,"18":0,"19":0,"20":0,"21":0,"22":0,"23":0,"24":0,"25":0,"26":0,"27":0,"28":0,"29":0,"30":0,"31":0,"32":0,"33":0,"34":0,"35":0,"36":0,"37":0,"38":0,"39":0,"40":0,"41":0,"42":0,"43":0,"44":0,"45":0,"46":0,"47":0,"48":0,"49":0,"50":0,"51":0,"52":0,"53":0,"54":0,"55":0,"56":0,"57":0,"58":0,"59":0,"60":0,"61":0,"62":0,"63":0,"64":0,"65":0,"66":0,"67":0,"68":0,"69":0,"70":0,"71":0,"72":0,"73":0,"74":0,"75":0,"76":0,"77":0,"78":0,"79":0,"80":0,"81":0,"82":0,"83":0,"84":0,"85":0,"86":0,"87":0,"88":0,"89":0,"90":0,"91":0,"92":0,"93":0,"94":0},"b":{"0":[0],"1":[0],"2":[0,0]}}
,"/Users/berloonybaboony/Downloads/CS4218/cs4218-2520-ecom-project-cs4218-2520-team26/models/categoryModel.js": {"path":"/Users/berloonybaboony/Downloads/CS4218/cs4218-2520-ecom-project-cs4218-2520-team26/models/categoryModel.js","statementMap":{"0":{"start":{"line":3,"column":23},"end":{"line":13,"column":2}}},"fnMap":{},"branchMap":{},"s":{"0":0},"f":{},"b":{}}
,"/Users/berloonybaboony/Downloads/CS4218/cs4218-2520-ecom-project-cs4218-2520-team26/models/categoryModel.test.js": {"path":"/Users/berloonybaboony/Downloads/CS4218/cs4218-2520-ecom-project-cs4218-2520-team26/models/categoryModel.test.js","statementMap":{"0":{"start":{"line":4,"column":0},"end":{"line":38,"column":3}},"1":{"start":{"line":5,"column":2},"end":{"line":15,"column":5}},"2":{"start":{"line":7,"column":19},"end":{"line":7,"column":39}},"3":{"start":{"line":10,"column":21},"end":{"line":10,"column":40}},"4":{"start":{"line":13,"column":4},"end":{"line":13,"column":35}},"5":{"start":{"line":14,"column":4},"end":{"line":14,"column":45}},"6":{"start":{"line":17,"column":2},"end":{"line":28,"column":5}},"7":{"start":{"line":19,"column":19},"end":{"line":19,"column":39}},"8":{"start":{"line":22,"column":21},"end":{"line":22,"column":40}},"9":{"start":{"line":25,"column":4},"end":{"line":25,"column":35}},"10":{"start":{"line":26,"column":4},"end":{"line":26,"column":45}},"11":{"start":{"line":27,"column":4},"end":{"line":27,"column":50}},"12":{"start":{"line":30,"column":2},"end":{"line":37,"column":5}},"13":{"start":{"line":33,"column":22},"end":{"line":33,"column":45}},"14":{"start":{"line":36,"column":4},"end":{"line":36,"column":39}}},"fnMap":{"0":{"name":"(anonymous_0)","decl":{"start":{"line":4,"column":34},"end":{"line":4,"column":35}},"loc":{"start":{"line":4,"column":40},"end":{"line":38,"column":1}},"line":4},"1":{"name":"(anonymous_1)","decl":{"start":{"line":5,"column":39},"end":{"line":5,"column":40}},"loc":{"start":{"line":5,"column":45},"end":{"line":15,"column":3}},"line":5},"2":{"name":"(anonymous_2)","decl":{"start":{"line":17,"column":49},"end":{"line":17,"column":50}},"loc":{"start":{"line":17,"column":55},"end":{"line":28,"column":3}},"line":17},"3":{"name":"(anonymous_3)","decl":{"start":{"line":30,"column":39},"end":{"line":30,"column":40}},"loc":{"start":{"line":30,"column":45},"end":{"line":37,"column":3}},"line":30}},"branchMap":{},"s":{"0":0,"1":0,"2":0,"3":0,"4":0,"5":0,"6":0,"7":0,"8":0,"9":0,"10":0,"11":0,"12":0,"13":0,"14":0},"f":{"0":0,"1":0,"2":0,"3":0},"b":{}}
,"/Users/berloonybaboony/Downloads/CS4218/cs4218-2520-ecom-project-cs4218-2520-team26/models/orderModel.js": {"path":"/Users/berloonybaboony/Downloads/CS4218/cs4218-2520-ecom-project-cs4218-2520-team26/models/orderModel.js","statementMap":{"0":{"start":{"line":3,"column":20},"end":{"line":24,"column":1}},"1":{"start":{"line":20,"column":22},"end":{"line":20,"column":62}}},"fnMap":{"0":{"name":"(anonymous_0)","decl":{"start":{"line":20,"column":11},"end":{"line":20,"column":12}},"loc":{"start":{"line":20,"column":22},"end":{"line":20,"column":62}},"line":20}},"branchMap":{"0":{"loc":{"start":{"line":20,"column":22},"end":{"line":20,"column":62}},"type":"cond-expr","locations":[{"start":{"line":20,"column":39},"end":{"line":20,"column":54}},{"start":{"line":20,"column":57},"end":{"line":20,"column":62}}],"line":20}},"s":{"0":0,"1":0},"f":{"0":0},"b":{"0":[0,0]}}
,"/Users/berloonybaboony/Downloads/CS4218/cs4218-2520-ecom-project-cs4218-2520-team26/models/orderModel.test.js": {"path":"/Users/berloonybaboony/Downloads/CS4218/cs4218-2520-ecom-project-cs4218-2520-team26/models/orderModel.test.js","statementMap":{"0":{"start":{"line":5,"column":0},"end":{"line":184,"column":3}},"1":{"start":{"line":6,"column":4},"end":{"line":8,"column":7}},"2":{"start":{"line":7,"column":8},"end":{"line":7,"column":90}},"3":{"start":{"line":10,"column":4},"end":{"line":12,"column":7}},"4":{"start":{"line":11,"column":8},"end":{"line":11,"column":42}},"5":{"start":{"line":14,"column":4},"end":{"line":16,"column":7}},"6":{"start":{"line":15,"column":8},"end":{"line":15,"column":35}},"7":{"start":{"line":18,"column":4},"end":{"line":92,"column":7}},"8":{"start":{"line":19,"column":8},"end":{"line":34,"column":11}},"9":{"start":{"line":21,"column":30},"end":{"line":26,"column":13}},"10":{"start":{"line":29,"column":26},"end":{"line":29,"column":55}},"11":{"start":{"line":32,"column":12},"end":{"line":32,"column":51}},"12":{"start":{"line":33,"column":12},"end":{"line":33,"column":52}},"13":{"start":{"line":36,"column":8},"end":{"line":48,"column":11}},"14":{"start":{"line":38,"column":29},"end":{"line":38,"column":91}},"15":{"start":{"line":41,"column":26},"end":{"line":44,"column":14}},"16":{"start":{"line":47,"column":12},"end":{"line":47,"column":51}},"17":{"start":{"line":50,"column":8},"end":{"line":61,"column":11}},"18":{"start":{"line":52,"column":30},"end":{"line":54,"column":13}},"19":{"start":{"line":57,"column":26},"end":{"line":57,"column":55}},"20":{"start":{"line":60,"column":12},"end":{"line":60,"column":47}},"21":{"start":{"line":63,"column":8},"end":{"line":76,"column":11}},"22":{"start":{"line":65,"column":28},"end":{"line":65,"column":82}},"23":{"start":{"line":68,"column":26},"end":{"line":72,"column":14}},"24":{"start":{"line":75,"column":12},"end":{"line":75,"column":51}},"25":{"start":{"line":78,"column":8},"end":{"line":91,"column":11}},"26":{"start":{"line":80,"column":30},"end":{"line":83,"column":13}},"27":{"start":{"line":86,"column":26},"end":{"line":86,"column":55}},"28":{"start":{"line":89,"column":12},"end":{"line":89,"column":57}},"29":{"start":{"line":90,"column":12},"end":{"line":90,"column":57}},"30":{"start":{"line":94,"column":4},"end":{"line":183,"column":7}},"31":{"start":{"line":95,"column":8},"end":{"line":111,"column":11}},"32":{"start":{"line":97,"column":34},"end":{"line":97,"column":102}},"33":{"start":{"line":99,"column":12},"end":{"line":110,"column":13}},"34":{"start":{"line":101,"column":30},"end":{"line":105,"column":18}},"35":{"start":{"line":108,"column":16},"end":{"line":108,"column":50}},"36":{"start":{"line":109,"column":16},"end":{"line":109,"column":58}},"37":{"start":{"line":113,"column":8},"end":{"line":125,"column":11}},"38":{"start":{"line":115,"column":30},"end":{"line":118,"column":13}},"39":{"start":{"line":121,"column":26},"end":{"line":121,"column":55}},"40":{"start":{"line":124,"column":12},"end":{"line":124,"column":55}},"41":{"start":{"line":127,"column":8},"end":{"line":146,"column":11}},"42":{"start":{"line":129,"column":30},"end":{"line":133,"column":13}},"43":{"start":{"line":137,"column":12},"end":{"line":141,"column":13}},"44":{"start":{"line":138,"column":16},"end":{"line":138,"column":46}},"45":{"start":{"line":140,"column":16},"end":{"line":140,"column":26}},"46":{"start":{"line":144,"column":12},"end":{"line":144,"column":40}},"47":{"start":{"line":145,"column":12},"end":{"line":145,"column":73}},"48":{"start":{"line":148,"column":8},"end":{"line":161,"column":11}},"49":{"start":{"line":150,"column":30},"end":{"line":154,"column":13}},"50":{"start":{"line":157,"column":26},"end":{"line":157,"column":55}},"51":{"start":{"line":160,"column":12},"end":{"line":160,"column":55}},"52":{"start":{"line":163,"column":8},"end":{"line":182,"column":11}},"53":{"start":{"line":165,"column":30},"end":{"line":169,"column":13}},"54":{"start":{"line":173,"column":12},"end":{"line":177,"column":13}},"55":{"start":{"line":174,"column":16},"end":{"line":174,"column":46}},"56":{"start":{"line":176,"column":16},"end":{"line":176,"column":26}},"57":{"start":{"line":180,"column":12},"end":{"line":180,"column":40}},"58":{"start":{"line":181,"column":12},"end":{"line":181,"column":73}}},"fnMap":{"0":{"name":"(anonymous_0)","decl":{"start":{"line":5,"column":24},"end":{"line":5,"column":25}},"loc":{"start":{"line":5,"column":30},"end":{"line":184,"column":1}},"line":5},"1":{"name":"(anonymous_1)","decl":{"start":{"line":6,"column":14},"end":{"line":6,"column":15}},"loc":{"start":{"line":6,"column":26},"end":{"line":8,"column":5}},"line":6},"2":{"name":"(anonymous_2)","decl":{"start":{"line":10,"column":13},"end":{"line":10,"column":14}},"loc":{"start":{"line":10,"column":25},"end":{"line":12,"column":5}},"line":10},"3":{"name":"(anonymous_3)","decl":{"start":{"line":14,"column":14},"end":{"line":14,"column":15}},"loc":{"start":{"line":14,"column":26},"end":{"line":16,"column":5}},"line":14},"4":{"name":"(anonymous_4)","decl":{"start":{"line":18,"column":34},"end":{"line":18,"column":35}},"loc":{"start":{"line":18,"column":40},"end":{"line":92,"column":5}},"line":18},"5":{"name":"(anonymous_5)","decl":{"start":{"line":19,"column":73},"end":{"line":19,"column":74}},"loc":{"start":{"line":19,"column":85},"end":{"line":34,"column":9}},"line":19},"6":{"name":"(anonymous_6)","decl":{"start":{"line":36,"column":68},"end":{"line":36,"column":69}},"loc":{"start":{"line":36,"column":80},"end":{"line":48,"column":9}},"line":36},"7":{"name":"(anonymous_7)","decl":{"start":{"line":50,"column":71},"end":{"line":50,"column":72}},"loc":{"start":{"line":50,"column":83},"end":{"line":61,"column":9}},"line":50},"8":{"name":"(anonymous_8)","decl":{"start":{"line":63,"column":45},"end":{"line":63,"column":46}},"loc":{"start":{"line":63,"column":57},"end":{"line":76,"column":9}},"line":63},"9":{"name":"(anonymous_9)","decl":{"start":{"line":78,"column":39},"end":{"line":78,"column":40}},"loc":{"start":{"line":78,"column":51},"end":{"line":91,"column":9}},"line":78},"10":{"name":"(anonymous_10)","decl":{"start":{"line":94,"column":40},"end":{"line":94,"column":41}},"loc":{"start":{"line":94,"column":46},"end":{"line":183,"column":5}},"line":94},"11":{"name":"(anonymous_11)","decl":{"start":{"line":95,"column":71},"end":{"line":95,"column":72}},"loc":{"start":{"line":95,"column":83},"end":{"line":111,"column":9}},"line":95},"12":{"name":"(anonymous_12)","decl":{"start":{"line":113,"column":75},"end":{"line":113,"column":76}},"loc":{"start":{"line":113,"column":87},"end":{"line":125,"column":9}},"line":113},"13":{"name":"(anonymous_13)","decl":{"start":{"line":127,"column":64},"end":{"line":127,"column":65}},"loc":{"start":{"line":127,"column":76},"end":{"line":146,"column":9}},"line":127},"14":{"name":"(anonymous_14)","decl":{"start":{"line":148,"column":79},"end":{"line":148,"column":80}},"loc":{"start":{"line":148,"column":91},"end":{"line":161,"column":9}},"line":148},"15":{"name":"(anonymous_15)","decl":{"start":{"line":163,"column":67},"end":{"line":163,"column":68}},"loc":{"start":{"line":163,"column":79},"end":{"line":182,"column":9}},"line":163}},"branchMap":{"0":{"loc":{"start":{"line":7,"column":31},"end":{"line":7,"column":88}},"type":"binary-expr","locations":[{"start":{"line":7,"column":31},"end":{"line":7,"column":52}},{"start":{"line":7,"column":56},"end":{"line":7,"column":88}}],"line":7}},"s":{"0":0,"1":0,"2":0,"3":0,"4":0,"5":0,"6":0,"7":0,"8":0,"9":0,"10":0,"11":0,"12":0,"13":0,"14":0,"15":0,"16":0,"17":0,"18":0,"19":0,"20":0,"21":0,"22":0,"23":0,"24":0,"25":0,"26":0,"27":0,"28":0,"29":0,"30":0,"31":0,"32":0,"33":0,"34":0,"35":0,"36":0,"37":0,"38":0,"39":0,"40":0,"41":0,"42":0,"43":0,"44":0,"45":0,"46":0,"47":0,"48":0,"49":0,"50":0,"51":0,"52":0,"53":0,"54":0,"55":0,"56":0,"57":0,"58":0},"f":{"0":0,"1":0,"2":0,"3":0,"4":0,"5":0,"6":0,"7":0,"8":0,"9":0,"10":0,"11":0,"12":0,"13":0,"14":0,"15":0},"b":{"0":[0,0]}}
,"/Users/berloonybaboony/Downloads/CS4218/cs4218-2520-ecom-project-cs4218-2520-team26/models/productModel.js": {"path":"/Users/berloonybaboony/Downloads/CS4218/cs4218-2520-ecom-project-cs4218-2520-team26/models/productModel.js","statementMap":{"0":{"start":{"line":3,"column":22},"end":{"line":39,"column":1}}},"fnMap":{},"branchMap":{},"s":{"0":0},"f":{},"b":{}}
,"/Users/berloonybaboony/Downloads/CS4218/cs4218-2520-ecom-project-cs4218-2520-team26/models/userModel.js": {"path":"/Users/berloonybaboony/Downloads/CS4218/cs4218-2520-ecom-project-cs4218-2520-team26/models/userModel.js","statementMap":{"0":{"start":{"line":3,"column":19},"end":{"line":37,"column":1}}},"fnMap":{},"branchMap":{},"s":{"0":0},"f":{},"b":{}}
,"/Users/berloonybaboony/Downloads/CS4218/cs4218-2520-ecom-project-cs4218-2520-team26/models/userModel.test.js": {"path":"/Users/berloonybaboony/Downloads/CS4218/cs4218-2520-ecom-project-cs4218-2520-team26/models/userModel.test.js","statementMap":{},"fnMap":{},"branchMap":{},"s":{},"f":{},"b":{}}
}
