TN:
SF:controllers/authController.js
FN:7,(anonymous_0)
FN:64,(anonymous_1)
FN:118,(anonymous_2)
FN:158,(anonymous_3)
FN:166,(anonymous_4)
FN:201,(anonymous_5)
FN:218,(anonymous_6)
FN:237,(anonymous_7)
FNF:8
FNH:8
FNDA:9,(anonymous_0)
FNDA:6,(anonymous_1)
FNDA:7,(anonymous_2)
FNDA:1,(anonymous_3)
FNDA:8,(anonymous_4)
FNDA:3,(anonymous_5)
FNDA:3,(anonymous_6)
FNDA:2,(anonymous_7)
DA:7,1
DA:8,9
DA:9,9
DA:12,9
DA:13,1
DA:15,8
DA:16,1
DA:18,7
DA:19,1
DA:21,6
DA:22,1
DA:24,5
DA:25,1
DA:27,4
DA:28,1
DA:32,3
DA:33,2
DA:34,1
DA:41,1
DA:42,1
DA:51,1
DA:56,1
DA:57,1
DA:64,1
DA:65,6
DA:66,6
DA:69,6
DA:70,2
DA:76,4
DA:77,3
DA:78,1
DA:83,2
DA:84,2
DA:85,1
DA:92,1
DA:96,1
DA:110,1
DA:111,1
DA:118,1
DA:119,7
DA:120,7
DA:123,7
DA:124,1
DA:126,6
DA:127,1
DA:129,5
DA:130,1
DA:134,4
DA:135,3
DA:136,2
DA:143,1
DA:144,1
DA:145,1
DA:150,1
DA:151,1
DA:158,1
DA:159,1
DA:166,1
DA:167,8
DA:168,8
DA:169,8
DA:171,7
DA:172,1
DA:174,6
DA:175,6
DA:185,6
DA:191,1
DA:192,1
DA:201,1
DA:202,3
DA:203,3
DA:207,2
DA:209,1
DA:210,1
DA:218,1
DA:219,3
DA:220,3
DA:225,2
DA:227,1
DA:228,1
DA:237,1
DA:238,2
DA:239,2
DA:240,2
DA:241,2
DA:246,1
DA:248,1
DA:249,1
LF:88
LH:88
BRDA:12,0,0,1
BRDA:12,0,1,8
BRDA:15,1,0,1
BRDA:15,1,1,7
BRDA:18,2,0,1
BRDA:18,2,1,6
BRDA:21,3,0,1
BRDA:21,3,1,5
BRDA:24,4,0,1
BRDA:24,4,1,4
BRDA:27,5,0,1
BRDA:27,5,1,3
BRDA:33,6,0,1
BRDA:33,6,1,1
BRDA:69,7,0,2
BRDA:69,7,1,4
BRDA:69,8,0,6
BRDA:69,8,1,5
BRDA:77,9,0,1
BRDA:77,9,1,2
BRDA:84,10,0,1
BRDA:84,10,1,1
BRDA:123,11,0,1
BRDA:123,11,1,6
BRDA:126,12,0,1
BRDA:126,12,1,5
BRDA:129,13,0,1
BRDA:129,13,1,4
BRDA:135,14,0,2
BRDA:135,14,1,1
BRDA:171,15,0,1
BRDA:171,15,1,6
BRDA:171,16,0,7
BRDA:171,16,1,4
BRDA:174,17,0,3
BRDA:174,17,1,3
BRDA:178,18,0,6
BRDA:178,18,1,3
BRDA:179,19,0,6
BRDA:179,19,1,3
BRDA:180,20,0,6
BRDA:180,20,1,4
BRDA:181,21,0,6
BRDA:181,21,1,5
BRF:44
BRH:44
end_of_record
TN:
SF:controllers/categoryController.js
FN:3,(anonymous_0)
FN:36,(anonymous_1)
FN:61,(anonymous_2)
FN:80,(anonymous_3)
FN:99,(anonymous_4)
FNF:5
FNH:5
FNDA:4,(anonymous_0)
FNDA:2,(anonymous_1)
FNDA:2,(anonymous_2)
FNDA:2,(anonymous_3)
FNDA:2,(anonymous_4)
DA:3,1
DA:4,4
DA:5,4
DA:6,4
DA:7,1
DA:9,3
DA:10,2
DA:11,1
DA:16,1
DA:20,1
DA:26,1
DA:27,1
DA:36,1
DA:37,2
DA:38,2
DA:39,2
DA:40,2
DA:45,1
DA:51,1
DA:52,1
DA:61,1
DA:62,2
DA:63,2
DA:64,1
DA:70,1
DA:71,1
DA:80,1
DA:81,2
DA:82,2
DA:83,1
DA:89,1
DA:90,1
DA:99,1
DA:100,2
DA:101,2
DA:102,2
DA:103,1
DA:108,1
DA:109,1
LF:39
LH:39
BRDA:6,0,0,1
BRDA:6,0,1,3
BRDA:10,1,0,1
BRDA:10,1,1,1
BRF:4
BRH:4
end_of_record
TN:
SF:controllers/productController.js
FN:20,(anonymous_0)
FN:65,(anonymous_1)
FN:89,(anonymous_2)
FN:111,(anonymous_3)
FN:129,(anonymous_4)
FN:147,(anonymous_5)
FN:196,(anonymous_6)
FN:218,(anonymous_7)
FN:236,(anonymous_8)
FN:261,(anonymous_9)
FN:284,(anonymous_10)
FN:310,(anonymous_11)
FN:331,(anonymous_12)
FN:333,(anonymous_13)
FN:347,(anonymous_14)
FN:351,(anonymous_15)
FN:362,(anonymous_16)
FNF:17
FNH:17
FNDA:9,(anonymous_0)
FNDA:2,(anonymous_1)
FNDA:2,(anonymous_2)
FNDA:3,(anonymous_3)
FNDA:2,(anonymous_4)
FNDA:9,(anonymous_5)
FNDA:5,(anonymous_6)
FNDA:2,(anonymous_7)
FNDA:3,(anonymous_8)
FNDA:2,(anonymous_9)
FNDA:2,(anonymous_10)
FNDA:2,(anonymous_11)
FNDA:3,(anonymous_12)
FNDA:2,(anonymous_13)
FNDA:3,(anonymous_14)
FNDA:4,(anonymous_15)
FNDA:2,(anonymous_16)
DA:10,1
DA:13,1
DA:20,1
DA:21,9
DA:23,9
DA:24,9
DA:26,9
DA:28,1
DA:30,1
DA:32,1
DA:34,1
DA:36,1
DA:38,1
DA:43,3
DA:44,3
DA:45,1
DA:46,1
DA:48,3
DA:49,2
DA:55,1
DA:56,1
DA:65,1
DA:66,2
DA:67,2
DA:73,1
DA:80,1
DA:81,1
DA:89,1
DA:90,2
DA:91,2
DA:95,1
DA:101,1
DA:102,1
DA:111,1
DA:112,3
DA:113,3
DA:114,2
DA:115,1
DA:116,1
DA:119,1
DA:120,1
DA:129,1
DA:130,2
DA:131,2
DA:132,1
DA:137,1
DA:138,1
DA:147,1
DA:148,9
DA:150,9
DA:151,9
DA:153,9
DA:155,1
DA:157,1
DA:159,1
DA:161,1
DA:163,1
DA:165,1
DA:170,3
DA:175,2
DA:176,1
DA:177,1
DA:179,2
DA:180,2
DA:186,1
DA:187,1
DA:196,1
DA:197,5
DA:198,5
DA:199,5
DA:200,5
DA:201,5
DA:202,5
DA:203,4
DA:208,1
DA:209,1
DA:218,1
DA:219,2
DA:220,2
DA:221,1
DA:226,1
DA:227,1
DA:236,1
DA:237,3
DA:238,3
DA:239,3
DA:240,3
DA:246,2
DA:251,1
DA:252,1
DA:261,1
DA:262,2
DA:263,2
DA:264,2
DA:272,1
DA:274,1
DA:275,1
DA:284,1
DA:285,2
DA:286,2
DA:287,2
DA:295,1
DA:300,1
DA:301,1
DA:310,1
DA:311,2
DA:312,2
DA:313,1
DA:314,1
DA:320,1
DA:321,1
DA:331,1
DA:332,3
DA:333,3
DA:334,2
DA:335,1
DA:337,1
DA:341,1
DA:342,1
DA:347,1
DA:348,3
DA:349,3
DA:350,3
DA:351,3
DA:352,4
DA:354,3
DA:363,2
DA:364,1
DA:369,1
DA:371,1
DA:376,1
DA:377,1
LF:132
LH:132
BRDA:26,0,0,1
BRDA:26,0,1,1
BRDA:26,0,2,1
BRDA:26,0,3,1
BRDA:26,0,4,1
BRDA:26,0,5,1
BRDA:37,1,0,4
BRDA:37,1,1,2
BRDA:44,2,0,1
BRDA:44,2,1,2
BRDA:114,3,0,1
BRDA:114,3,1,1
BRDA:153,4,0,1
BRDA:153,4,1,1
BRDA:153,4,2,1
BRDA:153,4,3,1
BRDA:153,4,4,1
BRDA:153,4,5,1
BRDA:164,5,0,4
BRDA:164,5,1,2
BRDA:175,6,0,1
BRDA:175,6,1,1
BRDA:200,7,0,2
BRDA:200,7,1,3
BRDA:201,8,0,2
BRDA:201,8,1,3
BRDA:239,9,0,2
BRDA:239,9,1,1
BRDA:334,10,0,1
BRDA:334,10,1,1
BRDA:363,11,0,1
BRDA:363,11,1,1
BRF:32
BRH:32
end_of_record
TN:
SF:helpers/authHelper.js
FN:3,(anonymous_0)
FN:15,(anonymous_1)
FNF:2
FNH:2
FNDA:2,(anonymous_0)
FNDA:3,(anonymous_1)
DA:3,2
DA:4,2
DA:5,2
DA:6,2
DA:7,1
DA:10,1
DA:11,1
DA:15,2
DA:16,3
DA:17,3
DA:19,1
DA:20,1
LF:12
LH:12
BRF:0
BRH:0
end_of_record
TN:
SF:middlewares/authMiddleware.js
FN:5,(anonymous_0)
FN:29,(anonymous_1)
FNF:2
FNH:2
FNDA:3,(anonymous_0)
FNDA:4,(anonymous_1)
DA:5,1
DA:6,3
DA:7,3
DA:9,3
DA:10,1
DA:16,2
DA:17,1
DA:18,1
DA:20,1
DA:21,1
DA:29,1
DA:30,4
DA:31,4
DA:32,3
DA:33,1
DA:38,2
DA:39,1
DA:44,1
DA:46,1
DA:47,1
LF:20
LH:20
BRDA:9,0,0,1
BRDA:9,0,1,2
BRDA:32,1,0,1
BRDA:32,1,1,2
BRDA:38,2,0,1
BRDA:38,2,1,1
BRF:6
BRH:6
end_of_record
TN:
SF:models/categoryModel.js
FNF:0
FNH:0
DA:3,1
LF:1
LH:1
BRF:0
BRH:0
end_of_record
TN:
SF:models/orderModel.js
FNF:0
FNH:0
DA:3,2
LF:1
LH:1
BRF:0
BRH:0
end_of_record
TN:
SF:models/productModel.js
FNF:0
FNH:0
DA:3,1
LF:1
LH:1
BRF:0
BRH:0
end_of_record
TN:
SF:models/userModel.js
FNF:0
FNH:0
DA:3,2
LF:1
LH:1
BRF:0
BRH:0
end_of_record
